cl : command line warning D9035: option 'Gm' has been deprecated and will be removed in a future release
  PlugIn.cpp
C:\Users\pagli\Desktop\Progetti Github\Multirate-Digital-Signal-Processing-And-Adaptive-Filter-Banks-Exam\Template_FD\Template\LEEffect.h(249,2): warning C4091: 'typedef ': ignored on left of 'WatchDataType' when no variable is declared
C:\Users\pagli\Desktop\Progetti Github\Multirate-Digital-Signal-Processing-And-Adaptive-Filter-Banks-Exam\Template_FD\Template\PlugIn.cpp(155,31): error C2440: '=': cannot convert from 'Ipp64f *' to 'Ipp64fc *'
C:\Users\pagli\Desktop\Progetti Github\Multirate-Digital-Signal-Processing-And-Adaptive-Filter-Banks-Exam\Template_FD\Template\PlugIn.cpp(155,23): message : Types pointed to are unrelated; conversion requires reinterpret_cast, C-style cast or function-style cast
C:\Users\pagli\Desktop\Progetti Github\Multirate-Digital-Signal-Processing-And-Adaptive-Filter-Banks-Exam\Template_FD\Template\PlugIn.cpp(156,27): error C2664: 'IppStatus ippsZero_64f(Ipp64f *,int)': cannot convert argument 1 from 'Ipp64fc *' to 'Ipp64f *'
C:\Users\pagli\Desktop\Progetti Github\Multirate-Digital-Signal-Processing-And-Adaptive-Filter-Banks-Exam\Template_FD\Template\PlugIn.cpp(156,16): message : Types pointed to are unrelated; conversion requires reinterpret_cast, C-style cast or function-style cast
C:\Program Files (x86)\Intel\oneAPI\ipp\2021.2.0\include\ipps.h(235,1): message : see declaration of 'ippsZero_64f'
C:\Users\pagli\Desktop\Progetti Github\Multirate-Digital-Signal-Processing-And-Adaptive-Filter-Banks-Exam\Template_FD\Template\PlugIn.cpp(161,31): error C2440: '=': cannot convert from 'Ipp64f *' to 'Ipp64fc *'
C:\Users\pagli\Desktop\Progetti Github\Multirate-Digital-Signal-Processing-And-Adaptive-Filter-Banks-Exam\Template_FD\Template\PlugIn.cpp(161,23): message : Types pointed to are unrelated; conversion requires reinterpret_cast, C-style cast or function-style cast
C:\Users\pagli\Desktop\Progetti Github\Multirate-Digital-Signal-Processing-And-Adaptive-Filter-Banks-Exam\Template_FD\Template\PlugIn.cpp(162,27): error C2664: 'IppStatus ippsZero_64f(Ipp64f *,int)': cannot convert argument 1 from 'Ipp64fc *' to 'Ipp64f *'
C:\Users\pagli\Desktop\Progetti Github\Multirate-Digital-Signal-Processing-And-Adaptive-Filter-Banks-Exam\Template_FD\Template\PlugIn.cpp(162,16): message : Types pointed to are unrelated; conversion requires reinterpret_cast, C-style cast or function-style cast
C:\Program Files (x86)\Intel\oneAPI\ipp\2021.2.0\include\ipps.h(235,1): message : see declaration of 'ippsZero_64f'
C:\Users\pagli\Desktop\Progetti Github\Multirate-Digital-Signal-Processing-And-Adaptive-Filter-Banks-Exam\Template_FD\Template\PlugIn.cpp(167,31): error C2440: '=': cannot convert from 'Ipp64f *' to 'Ipp64fc *'
C:\Users\pagli\Desktop\Progetti Github\Multirate-Digital-Signal-Processing-And-Adaptive-Filter-Banks-Exam\Template_FD\Template\PlugIn.cpp(167,23): message : Types pointed to are unrelated; conversion requires reinterpret_cast, C-style cast or function-style cast
C:\Users\pagli\Desktop\Progetti Github\Multirate-Digital-Signal-Processing-And-Adaptive-Filter-Banks-Exam\Template_FD\Template\PlugIn.cpp(168,27): error C2664: 'IppStatus ippsZero_64f(Ipp64f *,int)': cannot convert argument 1 from 'Ipp64fc *' to 'Ipp64f *'
C:\Users\pagli\Desktop\Progetti Github\Multirate-Digital-Signal-Processing-And-Adaptive-Filter-Banks-Exam\Template_FD\Template\PlugIn.cpp(168,16): message : Types pointed to are unrelated; conversion requires reinterpret_cast, C-style cast or function-style cast
C:\Program Files (x86)\Intel\oneAPI\ipp\2021.2.0\include\ipps.h(235,1): message : see declaration of 'ippsZero_64f'
C:\Users\pagli\Desktop\Progetti Github\Multirate-Digital-Signal-Processing-And-Adaptive-Filter-Banks-Exam\Template_FD\Template\PlugIn.cpp(173,31): error C2440: '=': cannot convert from 'Ipp64f *' to 'Ipp64fc *'
C:\Users\pagli\Desktop\Progetti Github\Multirate-Digital-Signal-Processing-And-Adaptive-Filter-Banks-Exam\Template_FD\Template\PlugIn.cpp(173,23): message : Types pointed to are unrelated; conversion requires reinterpret_cast, C-style cast or function-style cast
C:\Users\pagli\Desktop\Progetti Github\Multirate-Digital-Signal-Processing-And-Adaptive-Filter-Banks-Exam\Template_FD\Template\PlugIn.cpp(174,27): error C2664: 'IppStatus ippsZero_64f(Ipp64f *,int)': cannot convert argument 1 from 'Ipp64fc *' to 'Ipp64f *'
C:\Users\pagli\Desktop\Progetti Github\Multirate-Digital-Signal-Processing-And-Adaptive-Filter-Banks-Exam\Template_FD\Template\PlugIn.cpp(174,16): message : Types pointed to are unrelated; conversion requires reinterpret_cast, C-style cast or function-style cast
C:\Program Files (x86)\Intel\oneAPI\ipp\2021.2.0\include\ipps.h(235,1): message : see declaration of 'ippsZero_64f'
C:\Users\pagli\Desktop\Progetti Github\Multirate-Digital-Signal-Processing-And-Adaptive-Filter-Banks-Exam\Template_FD\Template\PlugIn.cpp(234,32): error C2676: binary '*': 'Ipp64fc' does not define this operator or a conversion to a type acceptable to the predefined operator
C:\Users\pagli\Desktop\Progetti Github\Multirate-Digital-Signal-Processing-And-Adaptive-Filter-Banks-Exam\Template_FD\Template\PlugIn.cpp(235,32): error C2676: binary '*': 'Ipp64fc' does not define this operator or a conversion to a type acceptable to the predefined operator
C:\Users\pagli\Desktop\Progetti Github\Multirate-Digital-Signal-Processing-And-Adaptive-Filter-Banks-Exam\Template_FD\Template\PlugIn.cpp(236,32): error C2676: binary '*': 'Ipp64fc' does not define this operator or a conversion to a type acceptable to the predefined operator
C:\Users\pagli\Desktop\Progetti Github\Multirate-Digital-Signal-Processing-And-Adaptive-Filter-Banks-Exam\Template_FD\Template\PlugIn.cpp(237,32): error C2676: binary '*': 'Ipp64fc' does not define this operator or a conversion to a type acceptable to the predefined operator
C:\Users\pagli\Desktop\Progetti Github\Multirate-Digital-Signal-Processing-And-Adaptive-Filter-Banks-Exam\Template_FD\Template\PlugIn.cpp(247,33): error C2676: binary '*': 'Ipp64fc' does not define this operator or a conversion to a type acceptable to the predefined operator
C:\Users\pagli\Desktop\Progetti Github\Multirate-Digital-Signal-Processing-And-Adaptive-Filter-Banks-Exam\Template_FD\Template\PlugIn.cpp(248,33): error C2676: binary '*': 'Ipp64fc' does not define this operator or a conversion to a type acceptable to the predefined operator
C:\Users\pagli\Desktop\Progetti Github\Multirate-Digital-Signal-Processing-And-Adaptive-Filter-Banks-Exam\Template_FD\Template\PlugIn.cpp(249,33): error C2676: binary '*': 'Ipp64fc' does not define this operator or a conversion to a type acceptable to the predefined operator
C:\Users\pagli\Desktop\Progetti Github\Multirate-Digital-Signal-Processing-And-Adaptive-Filter-Banks-Exam\Template_FD\Template\PlugIn.cpp(250,33): error C2676: binary '*': 'Ipp64fc' does not define this operator or a conversion to a type acceptable to the predefined operator
