c:\users\pagli\desktop\progetti github\multirate-digital-signal-processing-and-adaptive-filter-banks-exam\template_fd\template\debug\template.pch
c:\users\pagli\desktop\progetti github\multirate-digital-signal-processing-and-adaptive-filter-banks-exam\template_fd\template\debug\vc142.pdb
c:\users\pagli\desktop\progetti github\multirate-digital-signal-processing-and-adaptive-filter-banks-exam\template_fd\template\debug\vc142.idb
c:\users\pagli\desktop\progetti github\multirate-digital-signal-processing-and-adaptive-filter-banks-exam\template_fd\template\debug\stdafx.obj
c:\users\pagli\desktop\progetti github\multirate-digital-signal-processing-and-adaptive-filter-banks-exam\template_fd\template\debug\mylib.obj
c:\users\pagli\desktop\progetti github\multirate-digital-signal-processing-and-adaptive-filter-banks-exam\template_fd\template\debug\plugin.obj
c:\users\pagli\desktop\progetti github\multirate-digital-signal-processing-and-adaptive-filter-banks-exam\template_fd\template\debug\template.obj
d:\onedrive - università politecnica delle marche\università\magistrale\secondo anno\multirate digital signal processing and adaptive filter banks\progetto\template_fd\template\debug\vc142.pdb
d:\onedrive - università politecnica delle marche\università\magistrale\secondo anno\multirate digital signal processing and adaptive filter banks\progetto\template_fd\template\debug\vc142.idb
c:\program files (x86)\leaff\nu-tech\plugin\debug\template.dll
c:\program files (x86)\leaff\nu-tech\plugin\debug\template.ilk
c:\users\pagli\desktop\progetti github\multirate-digital-signal-processing-and-adaptive-filter-banks-exam\template_fd\debug\template.pdb
c:\users\pagli\desktop\progetti github\multirate-digital-signal-processing-and-adaptive-filter-banks-exam\template_fd\debug\template.lib
c:\users\pagli\desktop\progetti github\multirate-digital-signal-processing-and-adaptive-filter-banks-exam\template_fd\debug\template.exp
d:\onedrive - università politecnica delle marche\università\magistrale\secondo anno\multirate digital signal processing and adaptive filter banks\progetto\template_fd\template\debug\mylib.obj
d:\onedrive - università politecnica delle marche\università\magistrale\secondo anno\multirate digital signal processing and adaptive filter banks\progetto\template_fd\template\debug\plugin.obj
d:\onedrive - università politecnica delle marche\università\magistrale\secondo anno\multirate digital signal processing and adaptive filter banks\progetto\template_fd\template\debug\stdafx.obj
d:\onedrive - università politecnica delle marche\università\magistrale\secondo anno\multirate digital signal processing and adaptive filter banks\progetto\template_fd\template\debug\template.obj
d:\onedrive - università politecnica delle marche\università\magistrale\secondo anno\multirate digital signal processing and adaptive filter banks\progetto\template_fd\template\debug\template.ilk
d:\onedrive - università politecnica delle marche\università\magistrale\secondo anno\multirate digital signal processing and adaptive filter banks\progetto\template_fd\template\debug\vc141.idb
d:\onedrive - università politecnica delle marche\università\magistrale\secondo anno\multirate digital signal processing and adaptive filter banks\progetto\template_fd\template\debug\vc141.pdb
d:\onedrive - università politecnica delle marche\università\magistrale\secondo anno\multirate digital signal processing and adaptive filter banks\progetto\template_fd\debug\template.pdb
d:\onedrive - università politecnica delle marche\università\magistrale\secondo anno\multirate digital signal processing and adaptive filter banks\progetto\template_fd\template\debug\template.tlog\cl.command.1.tlog
d:\onedrive - università politecnica delle marche\università\magistrale\secondo anno\multirate digital signal processing and adaptive filter banks\progetto\template_fd\template\debug\template.tlog\cl.read.1.tlog
d:\onedrive - università politecnica delle marche\università\magistrale\secondo anno\multirate digital signal processing and adaptive filter banks\progetto\template_fd\template\debug\template.tlog\cl.write.1.tlog
d:\onedrive - università politecnica delle marche\università\magistrale\secondo anno\multirate digital signal processing and adaptive filter banks\progetto\template_fd\template\debug\template.tlog\link.command.1.tlog
d:\onedrive - università politecnica delle marche\università\magistrale\secondo anno\multirate digital signal processing and adaptive filter banks\progetto\template_fd\template\debug\template.tlog\link.delete.1.tlog
d:\onedrive - università politecnica delle marche\università\magistrale\secondo anno\multirate digital signal processing and adaptive filter banks\progetto\template_fd\template\debug\template.tlog\link.read.1.tlog
d:\onedrive - università politecnica delle marche\università\magistrale\secondo anno\multirate digital signal processing and adaptive filter banks\progetto\template_fd\template\debug\template.tlog\link.write.1.tlog
d:\onedrive - università politecnica delle marche\università\magistrale\secondo anno\multirate digital signal processing and adaptive filter banks\progetto\template_fd\template\debug\template.tlog\template.write.1u.tlog
