This is pdfTeX, Version 3.14159265-2.6-1.40.20 (TeX Live 2019/W32TeX) (preloaded format=pdflatex 2019.12.18)  27 SEP 2021 21:20
entering extended mode
 restricted \write18 enabled.
 %&-line parsing enabled.
**Presentazione.tex
(./Presentazione.tex
LaTeX2e <2018-12-01>
(c:/Program Files/texlive/2019/texmf-dist/tex/latex/beamer/beamer.cls
Document Class: beamer 2018/12/02 v3.55 A class for typesetting presentations
(c:/Program Files/texlive/2019/texmf-dist/tex/latex/beamer/beamerbasemodes.sty
(c:/Program Files/texlive/2019/texmf-dist/tex/latex/etoolbox/etoolbox.sty
Package: etoolbox 2018/08/19 v2.5f e-TeX tools for LaTeX (JAW)
\etb@tempcnta=\count80
)
\beamer@tempbox=\box27
\beamer@tempcount=\count81
\c@beamerpauses=\count82

(c:/Program Files/texlive/2019/texmf-dist/tex/latex/beamer/beamerbasedecode.sty
\beamer@slideinframe=\count83
\beamer@minimum=\count84
)
\beamer@commentbox=\box28
\beamer@modecount=\count85
) (c:/Program Files/texlive/2019/texmf-dist/tex/generic/oberdiek/ifpdf.sty
Package: ifpdf 2018/09/07 v3.3 Provides the ifpdf switch
)
\headdp=\dimen102
\footheight=\dimen103
\sidebarheight=\dimen104
\beamer@tempdim=\dimen105
\beamer@finalheight=\dimen106
\beamer@animht=\dimen107
\beamer@animdp=\dimen108
\beamer@animwd=\dimen109
\beamer@leftmargin=\dimen110
\beamer@rightmargin=\dimen111
\beamer@leftsidebar=\dimen112
\beamer@rightsidebar=\dimen113
\beamer@boxsize=\dimen114
\beamer@vboxoffset=\dimen115
\beamer@descdefault=\dimen116
\beamer@descriptionwidth=\dimen117
\beamer@lastskip=\skip41
\beamer@areabox=\box29
\beamer@animcurrent=\box30
\beamer@animshowbox=\box31
\beamer@sectionbox=\box32
\beamer@logobox=\box33
\beamer@linebox=\box34
\beamer@sectioncount=\count86
\beamer@subsubsectionmax=\count87
\beamer@subsectionmax=\count88
\beamer@sectionmax=\count89
\beamer@totalheads=\count90
\beamer@headcounter=\count91
\beamer@partstartpage=\count92
\beamer@sectionstartpage=\count93
\beamer@subsectionstartpage=\count94
\beamer@animationtempa=\count95
\beamer@animationtempb=\count96
\beamer@xpos=\count97
\beamer@ypos=\count98
\beamer@ypos@offset=\count99
\beamer@showpartnumber=\count100
\beamer@currentsubsection=\count101
\beamer@coveringdepth=\count102
\beamer@sectionadjust=\count103
\beamer@tocsectionnumber=\count104

(c:/Program Files/texlive/2019/texmf-dist/tex/latex/beamer/beamerbaseoptions.st
y (c:/Program Files/texlive/2019/texmf-dist/tex/latex/graphics/keyval.sty
Package: keyval 2014/10/28 v1.15 key=value parser (DPC)
\KV@toks@=\toks14
))
\beamer@paperwidth=\skip42
\beamer@paperheight=\skip43

(c:/Program Files/texlive/2019/texmf-dist/tex/latex/geometry/geometry.sty
Package: geometry 2018/04/16 v5.8 Page Geometry

(c:/Program Files/texlive/2019/texmf-dist/tex/generic/oberdiek/ifvtex.sty
Package: ifvtex 2016/05/16 v1.6 Detect VTeX and its facilities (HO)
Package ifvtex Info: VTeX not detected.
)
(c:/Program Files/texlive/2019/texmf-dist/tex/generic/ifxetex/ifxetex.sty
Package: ifxetex 2010/09/12 v0.6 Provides ifxetex conditional
)
\Gm@cnth=\count105
\Gm@cntv=\count106
\c@Gm@tempcnt=\count107
\Gm@bindingoffset=\dimen118
\Gm@wd@mp=\dimen119
\Gm@odd@mp=\dimen120
\Gm@even@mp=\dimen121
\Gm@layoutwidth=\dimen122
\Gm@layoutheight=\dimen123
\Gm@layouthoffset=\dimen124
\Gm@layoutvoffset=\dimen125
\Gm@dimlist=\toks15
)
(c:/Program Files/texlive/2019/texmf-dist/tex/latex/base/size11.clo
File: size11.clo 2018/09/03 v1.4i Standard LaTeX file (size option)
)
(c:/Program Files/texlive/2019/texmf-dist/tex/latex/pgf/basiclayer/pgfcore.sty
(c:/Program Files/texlive/2019/texmf-dist/tex/latex/graphics/graphicx.sty
Package: graphicx 2017/06/01 v1.1a Enhanced LaTeX Graphics (DPC,SPQR)

(c:/Program Files/texlive/2019/texmf-dist/tex/latex/graphics/graphics.sty
Package: graphics 2017/06/25 v1.2c Standard LaTeX Graphics (DPC,SPQR)

(c:/Program Files/texlive/2019/texmf-dist/tex/latex/graphics/trig.sty
Package: trig 2016/01/03 v1.10 sin cos tan (DPC)
)
(c:/Program Files/texlive/2019/texmf-dist/tex/latex/graphics-cfg/graphics.cfg
File: graphics.cfg 2016/06/04 v1.11 sample graphics configuration
)
Package graphics Info: Driver file: pdftex.def on input line 99.

(c:/Program Files/texlive/2019/texmf-dist/tex/latex/graphics-def/pdftex.def
File: pdftex.def 2018/01/08 v1.0l Graphics/color driver for pdftex
))
\Gin@req@height=\dimen126
\Gin@req@width=\dimen127
)
(c:/Program Files/texlive/2019/texmf-dist/tex/latex/pgf/systemlayer/pgfsys.sty
(c:/Program Files/texlive/2019/texmf-dist/tex/latex/pgf/utilities/pgfrcs.sty
(c:/Program Files/texlive/2019/texmf-dist/tex/generic/pgf/utilities/pgfutil-com
mon.tex
\pgfutil@everybye=\toks16
\pgfutil@tempdima=\dimen128
\pgfutil@tempdimb=\dimen129

(c:/Program Files/texlive/2019/texmf-dist/tex/generic/pgf/utilities/pgfutil-com
mon-lists.tex))
(c:/Program Files/texlive/2019/texmf-dist/tex/generic/pgf/utilities/pgfutil-lat
ex.def
\pgfutil@abb=\box35
 (c:/Program Files/texlive/2019/texmf-dist/tex/latex/ms/everyshi.sty
Package: everyshi 2001/05/15 v3.00 EveryShipout Package (MS)
))
(c:/Program Files/texlive/2019/texmf-dist/tex/generic/pgf/utilities/pgfrcs.code
.tex (c:/Program Files/texlive/2019/texmf-dist/tex/generic/pgf/pgf.revision.tex
)
Package: pgfrcs 2019/02/02 v3.1.1 (3.1.1)
))
(c:/Program Files/texlive/2019/texmf-dist/tex/generic/pgf/systemlayer/pgfsys.co
de.tex
Package: pgfsys 2019/02/02 v3.1.1 (3.1.1)

(c:/Program Files/texlive/2019/texmf-dist/tex/generic/pgf/utilities/pgfkeys.cod
e.tex
\pgfkeys@pathtoks=\toks17
\pgfkeys@temptoks=\toks18

(c:/Program Files/texlive/2019/texmf-dist/tex/generic/pgf/utilities/pgfkeysfilt
ered.code.tex
\pgfkeys@tmptoks=\toks19
))
\pgf@x=\dimen130
\pgf@y=\dimen131
\pgf@xa=\dimen132
\pgf@ya=\dimen133
\pgf@xb=\dimen134
\pgf@yb=\dimen135
\pgf@xc=\dimen136
\pgf@yc=\dimen137
\w@pgf@writea=\write3
\r@pgf@reada=\read1
\c@pgf@counta=\count108
\c@pgf@countb=\count109
\c@pgf@countc=\count110
\c@pgf@countd=\count111
\t@pgf@toka=\toks20
\t@pgf@tokb=\toks21
\t@pgf@tokc=\toks22
\pgf@sys@id@count=\count112

(c:/Program Files/texlive/2019/texmf-dist/tex/generic/pgf/systemlayer/pgf.cfg
File: pgf.cfg 2019/02/02 v3.1.1 (3.1.1)
)
Driver file for pgf: pgfsys-pdftex.def

(c:/Program Files/texlive/2019/texmf-dist/tex/generic/pgf/systemlayer/pgfsys-pd
ftex.def
File: pgfsys-pdftex.def 2019/02/02 v3.1.1 (3.1.1)

(c:/Program Files/texlive/2019/texmf-dist/tex/generic/pgf/systemlayer/pgfsys-co
mmon-pdf.def
File: pgfsys-common-pdf.def 2019/02/02 v3.1.1 (3.1.1)
)))
(c:/Program Files/texlive/2019/texmf-dist/tex/generic/pgf/systemlayer/pgfsyssof
tpath.code.tex
File: pgfsyssoftpath.code.tex 2019/02/02 v3.1.1 (3.1.1)
\pgfsyssoftpath@smallbuffer@items=\count113
\pgfsyssoftpath@bigbuffer@items=\count114
)
(c:/Program Files/texlive/2019/texmf-dist/tex/generic/pgf/systemlayer/pgfsyspro
tocol.code.tex
File: pgfsysprotocol.code.tex 2019/02/02 v3.1.1 (3.1.1)
))
(c:/Program Files/texlive/2019/texmf-dist/tex/latex/xcolor/xcolor.sty
Package: xcolor 2016/05/11 v2.12 LaTeX color extensions (UK)

(c:/Program Files/texlive/2019/texmf-dist/tex/latex/graphics-cfg/color.cfg
File: color.cfg 2016/01/02 v1.6 sample color configuration
)
Package xcolor Info: Driver file: pdftex.def on input line 225.
Package xcolor Info: Model `cmy' substituted by `cmy0' on input line 1348.
Package xcolor Info: Model `hsb' substituted by `rgb' on input line 1352.
Package xcolor Info: Model `RGB' extended on input line 1364.
Package xcolor Info: Model `HTML' substituted by `rgb' on input line 1366.
Package xcolor Info: Model `Hsb' substituted by `hsb' on input line 1367.
Package xcolor Info: Model `tHsb' substituted by `hsb' on input line 1368.
Package xcolor Info: Model `HSB' substituted by `hsb' on input line 1369.
Package xcolor Info: Model `Gray' substituted by `gray' on input line 1370.
Package xcolor Info: Model `wave' substituted by `hsb' on input line 1371.
)
(c:/Program Files/texlive/2019/texmf-dist/tex/generic/pgf/basiclayer/pgfcore.co
de.tex
Package: pgfcore 2019/02/02 v3.1.1 (3.1.1)

(c:/Program Files/texlive/2019/texmf-dist/tex/generic/pgf/math/pgfmath.code.tex

(c:/Program Files/texlive/2019/texmf-dist/tex/generic/pgf/math/pgfmathcalc.code
.tex
(c:/Program Files/texlive/2019/texmf-dist/tex/generic/pgf/math/pgfmathutil.code
.tex)
(c:/Program Files/texlive/2019/texmf-dist/tex/generic/pgf/math/pgfmathparser.co
de.tex
\pgfmath@dimen=\dimen138
\pgfmath@count=\count115
\pgfmath@box=\box36
\pgfmath@toks=\toks23
\pgfmath@stack@operand=\toks24
\pgfmath@stack@operation=\toks25
)
(c:/Program Files/texlive/2019/texmf-dist/tex/generic/pgf/math/pgfmathfunctions
.code.tex
(c:/Program Files/texlive/2019/texmf-dist/tex/generic/pgf/math/pgfmathfunctions
.basic.code.tex)
(c:/Program Files/texlive/2019/texmf-dist/tex/generic/pgf/math/pgfmathfunctions
.trigonometric.code.tex)
(c:/Program Files/texlive/2019/texmf-dist/tex/generic/pgf/math/pgfmathfunctions
.random.code.tex)
(c:/Program Files/texlive/2019/texmf-dist/tex/generic/pgf/math/pgfmathfunctions
.comparison.code.tex)
(c:/Program Files/texlive/2019/texmf-dist/tex/generic/pgf/math/pgfmathfunctions
.base.code.tex)
(c:/Program Files/texlive/2019/texmf-dist/tex/generic/pgf/math/pgfmathfunctions
.round.code.tex)
(c:/Program Files/texlive/2019/texmf-dist/tex/generic/pgf/math/pgfmathfunctions
.misc.code.tex)
(c:/Program Files/texlive/2019/texmf-dist/tex/generic/pgf/math/pgfmathfunctions
.integerarithmetics.code.tex)))
(c:/Program Files/texlive/2019/texmf-dist/tex/generic/pgf/math/pgfmathfloat.cod
e.tex
\c@pgfmathroundto@lastzeros=\count116
))
(c:/Program Files/texlive/2019/texmf-dist/tex/generic/pgf/basiclayer/pgfcorepoi
nts.code.tex
File: pgfcorepoints.code.tex 2019/02/02 v3.1.1 (3.1.1)
\pgf@picminx=\dimen139
\pgf@picmaxx=\dimen140
\pgf@picminy=\dimen141
\pgf@picmaxy=\dimen142
\pgf@pathminx=\dimen143
\pgf@pathmaxx=\dimen144
\pgf@pathminy=\dimen145
\pgf@pathmaxy=\dimen146
\pgf@xx=\dimen147
\pgf@xy=\dimen148
\pgf@yx=\dimen149
\pgf@yy=\dimen150
\pgf@zx=\dimen151
\pgf@zy=\dimen152
)
(c:/Program Files/texlive/2019/texmf-dist/tex/generic/pgf/basiclayer/pgfcorepat
hconstruct.code.tex
File: pgfcorepathconstruct.code.tex 2019/02/02 v3.1.1 (3.1.1)
\pgf@path@lastx=\dimen153
\pgf@path@lasty=\dimen154
)
(c:/Program Files/texlive/2019/texmf-dist/tex/generic/pgf/basiclayer/pgfcorepat
husage.code.tex
File: pgfcorepathusage.code.tex 2019/02/02 v3.1.1 (3.1.1)
\pgf@shorten@end@additional=\dimen155
\pgf@shorten@start@additional=\dimen156
)
(c:/Program Files/texlive/2019/texmf-dist/tex/generic/pgf/basiclayer/pgfcoresco
pes.code.tex
File: pgfcorescopes.code.tex 2019/02/02 v3.1.1 (3.1.1)
\pgfpic=\box37
\pgf@hbox=\box38
\pgf@layerbox@main=\box39
\pgf@picture@serial@count=\count117
)
(c:/Program Files/texlive/2019/texmf-dist/tex/generic/pgf/basiclayer/pgfcoregra
phicstate.code.tex
File: pgfcoregraphicstate.code.tex 2019/02/02 v3.1.1 (3.1.1)
\pgflinewidth=\dimen157
)
(c:/Program Files/texlive/2019/texmf-dist/tex/generic/pgf/basiclayer/pgfcoretra
nsformations.code.tex
File: pgfcoretransformations.code.tex 2019/02/02 v3.1.1 (3.1.1)
\pgf@pt@x=\dimen158
\pgf@pt@y=\dimen159
\pgf@pt@temp=\dimen160
)
(c:/Program Files/texlive/2019/texmf-dist/tex/generic/pgf/basiclayer/pgfcorequi
ck.code.tex
File: pgfcorequick.code.tex 2019/02/02 v3.1.1 (3.1.1)
)
(c:/Program Files/texlive/2019/texmf-dist/tex/generic/pgf/basiclayer/pgfcoreobj
ects.code.tex
File: pgfcoreobjects.code.tex 2019/02/02 v3.1.1 (3.1.1)
)
(c:/Program Files/texlive/2019/texmf-dist/tex/generic/pgf/basiclayer/pgfcorepat
hprocessing.code.tex
File: pgfcorepathprocessing.code.tex 2019/02/02 v3.1.1 (3.1.1)
)
(c:/Program Files/texlive/2019/texmf-dist/tex/generic/pgf/basiclayer/pgfcorearr
ows.code.tex
File: pgfcorearrows.code.tex 2019/02/02 v3.1.1 (3.1.1)
\pgfarrowsep=\dimen161
)
(c:/Program Files/texlive/2019/texmf-dist/tex/generic/pgf/basiclayer/pgfcoresha
de.code.tex
File: pgfcoreshade.code.tex 2019/02/02 v3.1.1 (3.1.1)
\pgf@max=\dimen162
\pgf@sys@shading@range@num=\count118
)
(c:/Program Files/texlive/2019/texmf-dist/tex/generic/pgf/basiclayer/pgfcoreima
ge.code.tex
File: pgfcoreimage.code.tex 2019/02/02 v3.1.1 (3.1.1)

(c:/Program Files/texlive/2019/texmf-dist/tex/generic/pgf/basiclayer/pgfcoreext
ernal.code.tex
File: pgfcoreexternal.code.tex 2019/02/02 v3.1.1 (3.1.1)
\pgfexternal@startupbox=\box40
))
(c:/Program Files/texlive/2019/texmf-dist/tex/generic/pgf/basiclayer/pgfcorelay
ers.code.tex
File: pgfcorelayers.code.tex 2019/02/02 v3.1.1 (3.1.1)
)
(c:/Program Files/texlive/2019/texmf-dist/tex/generic/pgf/basiclayer/pgfcoretra
nsparency.code.tex
File: pgfcoretransparency.code.tex 2019/02/02 v3.1.1 (3.1.1)
)
(c:/Program Files/texlive/2019/texmf-dist/tex/generic/pgf/basiclayer/pgfcorepat
terns.code.tex
File: pgfcorepatterns.code.tex 2019/02/02 v3.1.1 (3.1.1)
)
(c:/Program Files/texlive/2019/texmf-dist/tex/generic/pgf/basiclayer/pgfcorerdf
.code.tex
File: pgfcorerdf.code.tex 2019/02/02 v3.1.1 (3.1.1)
)))
(c:/Program Files/texlive/2019/texmf-dist/tex/latex/pgf/utilities/xxcolor.sty
Package: xxcolor 2003/10/24 ver 0.1
\XC@nummixins=\count119
\XC@countmixins=\count120
)
(c:/Program Files/texlive/2019/texmf-dist/tex/generic/oberdiek/atbegshi.sty
Package: atbegshi 2016/06/09 v1.18 At begin shipout hook (HO)

(c:/Program Files/texlive/2019/texmf-dist/tex/generic/oberdiek/infwarerr.sty
Package: infwarerr 2016/05/16 v1.4 Providing info/warning/error messages (HO)
)
(c:/Program Files/texlive/2019/texmf-dist/tex/generic/oberdiek/ltxcmds.sty
Package: ltxcmds 2016/05/16 v1.23 LaTeX kernel commands for general use (HO)
))
(c:/Program Files/texlive/2019/texmf-dist/tex/latex/hyperref/hyperref.sty
Package: hyperref 2018/11/30 v6.88e Hypertext links for LaTeX

(c:/Program Files/texlive/2019/texmf-dist/tex/generic/oberdiek/hobsub-hyperref.
sty
Package: hobsub-hyperref 2016/05/16 v1.14 Bundle oberdiek, subset hyperref (HO)


(c:/Program Files/texlive/2019/texmf-dist/tex/generic/oberdiek/hobsub-generic.s
ty
Package: hobsub-generic 2016/05/16 v1.14 Bundle oberdiek, subset generic (HO)
Package: hobsub 2016/05/16 v1.14 Construct package bundles (HO)
Package hobsub Info: Skipping package `infwarerr' (already loaded).
Package hobsub Info: Skipping package `ltxcmds' (already loaded).
Package: ifluatex 2016/05/16 v1.4 Provides the ifluatex switch (HO)
Package ifluatex Info: LuaTeX not detected.
Package hobsub Info: Skipping package `ifvtex' (already loaded).
Package: intcalc 2016/05/16 v1.2 Expandable calculations with integers (HO)
Package hobsub Info: Skipping package `ifpdf' (already loaded).
Package: etexcmds 2016/05/16 v1.6 Avoid name clashes with e-TeX commands (HO)
Package: kvsetkeys 2016/05/16 v1.17 Key value parser (HO)
Package: kvdefinekeys 2016/05/16 v1.4 Define keys (HO)
Package: pdftexcmds 2018/09/10 v0.29 Utility functions of pdfTeX for LuaTeX (HO
)
Package pdftexcmds Info: LuaTeX not detected.
Package pdftexcmds Info: \pdf@primitive is available.
Package pdftexcmds Info: \pdf@ifprimitive is available.
Package pdftexcmds Info: \pdfdraftmode found.
Package: pdfescape 2016/05/16 v1.14 Implements pdfTeX's escape features (HO)
Package: bigintcalc 2016/05/16 v1.4 Expandable calculations on big integers (HO
)
Package: bitset 2016/05/16 v1.2 Handle bit-vector datatype (HO)
Package: uniquecounter 2016/05/16 v1.3 Provide unlimited unique counter (HO)
)
Package hobsub Info: Skipping package `hobsub' (already loaded).
Package: letltxmacro 2016/05/16 v1.5 Let assignment for LaTeX macros (HO)
Package: hopatch 2016/05/16 v1.3 Wrapper for package hooks (HO)
Package: xcolor-patch 2016/05/16 xcolor patch
Package: atveryend 2016/05/16 v1.9 Hooks at the very end of document (HO)
Package hobsub Info: Skipping package `atbegshi' (already loaded).
Package: refcount 2016/05/16 v3.5 Data extraction from label references (HO)
Package: hycolor 2016/05/16 v1.8 Color options for hyperref/bookmark (HO)
) (c:/Program Files/texlive/2019/texmf-dist/tex/latex/oberdiek/auxhook.sty
Package: auxhook 2016/05/16 v1.4 Hooks for auxiliary files (HO)
)
(c:/Program Files/texlive/2019/texmf-dist/tex/latex/oberdiek/kvoptions.sty
Package: kvoptions 2016/05/16 v3.12 Key value format for package options (HO)
)
\@linkdim=\dimen163
\Hy@linkcounter=\count121
\Hy@pagecounter=\count122

(c:/Program Files/texlive/2019/texmf-dist/tex/latex/hyperref/pd1enc.def
File: pd1enc.def 2018/11/30 v6.88e Hyperref: PDFDocEncoding definition (HO)
Now handling font encoding PD1 ...
... no UTF-8 mapping file for font encoding PD1
)
\Hy@SavedSpaceFactor=\count123

(c:/Program Files/texlive/2019/texmf-dist/tex/latex/latexconfig/hyperref.cfg
File: hyperref.cfg 2002/06/06 v1.2 hyperref configuration of TeXLive
)
Package hyperref Info: Option `bookmarks' set `true' on input line 4393.
Package hyperref Info: Option `bookmarksopen' set `true' on input line 4393.
Package hyperref Info: Option `implicit' set `false' on input line 4393.
Package hyperref Info: Hyper figures OFF on input line 4519.
Package hyperref Info: Link nesting OFF on input line 4524.
Package hyperref Info: Hyper index ON on input line 4527.
Package hyperref Info: Plain pages OFF on input line 4534.
Package hyperref Info: Backreferencing OFF on input line 4539.
Package hyperref Info: Implicit mode OFF; no redefinition of LaTeX internals.
Package hyperref Info: Bookmarks ON on input line 4772.
\c@Hy@tempcnt=\count124

(c:/Program Files/texlive/2019/texmf-dist/tex/latex/url/url.sty
\Urlmuskip=\muskip10
Package: url 2013/09/16  ver 3.4  Verb mode for urls, etc.
)
LaTeX Info: Redefining \url on input line 5125.
\XeTeXLinkMargin=\dimen164
\Fld@menulength=\count125
\Field@Width=\dimen165
\Fld@charsize=\dimen166
Package hyperref Info: Hyper figures OFF on input line 6380.
Package hyperref Info: Link nesting OFF on input line 6385.
Package hyperref Info: Hyper index ON on input line 6388.
Package hyperref Info: backreferencing OFF on input line 6395.
Package hyperref Info: Link coloring OFF on input line 6400.
Package hyperref Info: Link coloring with OCG OFF on input line 6405.
Package hyperref Info: PDF/A mode OFF on input line 6410.
LaTeX Info: Redefining \ref on input line 6450.
LaTeX Info: Redefining \pageref on input line 6454.
\Hy@abspage=\count126


Package hyperref Message: Stopped early.

)
Package hyperref Info: Driver (autodetected): hpdftex.
 (c:/Program Files/texlive/2019/texmf-dist/tex/latex/hyperref/hpdftex.def
File: hpdftex.def 2018/11/30 v6.88e Hyperref driver for pdfTeX
\Fld@listcount=\count127
\c@bookmark@seq@number=\count128

(c:/Program Files/texlive/2019/texmf-dist/tex/latex/oberdiek/rerunfilecheck.sty
Package: rerunfilecheck 2016/05/16 v1.8 Rerun checks for auxiliary files (HO)
Package uniquecounter Info: New unique counter `rerunfilecheck' on input line 2
82.
))
(c:/Program Files/texlive/2019/texmf-dist/tex/latex/beamer/beamerbaserequires.s
ty
(c:/Program Files/texlive/2019/texmf-dist/tex/latex/beamer/beamerbasecompatibil
ity.sty)
(c:/Program Files/texlive/2019/texmf-dist/tex/latex/beamer/beamerbasefont.sty
(c:/Program Files/texlive/2019/texmf-dist/tex/latex/amsfonts/amssymb.sty
Package: amssymb 2013/01/14 v3.01 AMS font symbols

(c:/Program Files/texlive/2019/texmf-dist/tex/latex/amsfonts/amsfonts.sty
Package: amsfonts 2013/01/14 v3.01 Basic AMSFonts support
\@emptytoks=\toks26
\symAMSa=\mathgroup4
\symAMSb=\mathgroup5
LaTeX Font Info:    Overwriting math alphabet `\mathfrak' in version `bold'
(Font)                  U/euf/m/n --> U/euf/b/n on input line 106.
))
(c:/Program Files/texlive/2019/texmf-dist/tex/latex/sansmathaccent/sansmathacce
nt.sty
Package: sansmathaccent 2013/03/28

(c:/Program Files/texlive/2019/texmf-dist/tex/latex/filehook/filehook.sty
Package: filehook 2011/10/12 v0.5d Hooks for input files
)))
(c:/Program Files/texlive/2019/texmf-dist/tex/latex/beamer/beamerbasetranslator
.sty
(c:/Program Files/texlive/2019/texmf-dist/tex/latex/translator/translator.sty
Package: translator 2018/01/04 v1.12 Easy translation of strings in LaTeX
)) (c:/Program Files/texlive/2019/texmf-dist/tex/latex/beamer/beamerbasemisc.st
y)
(c:/Program Files/texlive/2019/texmf-dist/tex/latex/beamer/beamerbasetwoscreens
.sty)
(c:/Program Files/texlive/2019/texmf-dist/tex/latex/beamer/beamerbaseoverlay.st
y
\beamer@argscount=\count129
\beamer@lastskipcover=\skip44
\beamer@trivlistdepth=\count130
)
(c:/Program Files/texlive/2019/texmf-dist/tex/latex/beamer/beamerbasetitle.sty)

(c:/Program Files/texlive/2019/texmf-dist/tex/latex/beamer/beamerbasesection.st
y
\c@lecture=\count131
\c@part=\count132
\c@section=\count133
\c@subsection=\count134
\c@subsubsection=\count135
)
(c:/Program Files/texlive/2019/texmf-dist/tex/latex/beamer/beamerbaseframe.sty
\beamer@framebox=\box41
\beamer@frametitlebox=\box42
\beamer@zoombox=\box43
\beamer@zoomcount=\count136
\beamer@zoomframecount=\count137
\beamer@frametextheight=\dimen167
\c@subsectionslide=\count138
\beamer@frametopskip=\skip45
\beamer@framebottomskip=\skip46
\beamer@frametopskipautobreak=\skip47
\beamer@framebottomskipautobreak=\skip48
\beamer@envbody=\toks27
\framewidth=\dimen168
\c@framenumber=\count139
)
(c:/Program Files/texlive/2019/texmf-dist/tex/latex/beamer/beamerbaseverbatim.s
ty
\beamer@verbatimfileout=\write4
)
(c:/Program Files/texlive/2019/texmf-dist/tex/latex/beamer/beamerbaseframesize.
sty
\beamer@splitbox=\box44
\beamer@autobreakcount=\count140
\beamer@autobreaklastheight=\dimen169
\beamer@frametitletoks=\toks28
\beamer@framesubtitletoks=\toks29
)
(c:/Program Files/texlive/2019/texmf-dist/tex/latex/beamer/beamerbaseframecompo
nents.sty
\beamer@footins=\box45
)
(c:/Program Files/texlive/2019/texmf-dist/tex/latex/beamer/beamerbasecolor.sty)
(c:/Program Files/texlive/2019/texmf-dist/tex/latex/beamer/beamerbasenotes.sty
\beamer@frameboxcopy=\box46
) (c:/Program Files/texlive/2019/texmf-dist/tex/latex/beamer/beamerbasetoc.sty)

(c:/Program Files/texlive/2019/texmf-dist/tex/latex/beamer/beamerbasetemplates.
sty
\beamer@sbttoks=\toks30

(c:/Program Files/texlive/2019/texmf-dist/tex/latex/beamer/beamerbaseauxtemplat
es.sty
(c:/Program Files/texlive/2019/texmf-dist/tex/latex/beamer/beamerbaseboxes.sty
\bmb@box=\box47
\bmb@colorbox=\box48
\bmb@boxshadow=\box49
\bmb@boxshadowball=\box50
\bmb@boxshadowballlarge=\box51
\bmb@temp=\dimen170
\bmb@dima=\dimen171
\bmb@dimb=\dimen172
\bmb@prevheight=\dimen173
)
\beamer@blockheadheight=\dimen174
))
(c:/Program Files/texlive/2019/texmf-dist/tex/latex/beamer/beamerbaselocalstruc
ture.sty
(c:/Program Files/texlive/2019/texmf-dist/tex/latex/tools/enumerate.sty
Package: enumerate 2015/07/23 v3.00 enumerate extensions (DPC)
\@enLab=\toks31
)
\c@figure=\count141
\c@table=\count142
\abovecaptionskip=\skip49
\belowcaptionskip=\skip50
)
(c:/Program Files/texlive/2019/texmf-dist/tex/latex/beamer/beamerbasenavigation
.sty
\beamer@section@min@dim=\dimen175
)
(c:/Program Files/texlive/2019/texmf-dist/tex/latex/beamer/beamerbasetheorems.s
ty (c:/Program Files/texlive/2019/texmf-dist/tex/latex/amsmath/amsmath.sty
Package: amsmath 2018/12/01 v2.17b AMS math features
\@mathmargin=\skip51

For additional information on amsmath, use the `?' option.
(c:/Program Files/texlive/2019/texmf-dist/tex/latex/amsmath/amstext.sty
Package: amstext 2000/06/29 v2.01 AMS text

(c:/Program Files/texlive/2019/texmf-dist/tex/latex/amsmath/amsgen.sty
File: amsgen.sty 1999/11/30 v2.0 generic functions
\@emptytoks=\toks32
\ex@=\dimen176
))
(c:/Program Files/texlive/2019/texmf-dist/tex/latex/amsmath/amsbsy.sty
Package: amsbsy 1999/11/29 v1.2d Bold Symbols
\pmbraise@=\dimen177
)
(c:/Program Files/texlive/2019/texmf-dist/tex/latex/amsmath/amsopn.sty
Package: amsopn 2016/03/08 v2.02 operator names
)
\inf@bad=\count143
LaTeX Info: Redefining \frac on input line 223.
\uproot@=\count144
\leftroot@=\count145
LaTeX Info: Redefining \overline on input line 385.
\classnum@=\count146
\DOTSCASE@=\count147
LaTeX Info: Redefining \ldots on input line 482.
LaTeX Info: Redefining \dots on input line 485.
LaTeX Info: Redefining \cdots on input line 606.
\Mathstrutbox@=\box52
\strutbox@=\box53
\big@size=\dimen178
LaTeX Font Info:    Redeclaring font encoding OML on input line 729.
LaTeX Font Info:    Redeclaring font encoding OMS on input line 730.
\macc@depth=\count148
\c@MaxMatrixCols=\count149
\dotsspace@=\muskip11
\c@parentequation=\count150
\dspbrk@lvl=\count151
\tag@help=\toks33
\row@=\count152
\column@=\count153
\maxfields@=\count154
\andhelp@=\toks34
\eqnshift@=\dimen179
\alignsep@=\dimen180
\tagshift@=\dimen181
\tagwidth@=\dimen182
\totwidth@=\dimen183
\lineht@=\dimen184
\@envbody=\toks35
\multlinegap=\skip52
\multlinetaggap=\skip53
\mathdisplay@stack=\toks36
LaTeX Info: Redefining \[ on input line 2844.
LaTeX Info: Redefining \] on input line 2845.
)
(c:/Program Files/texlive/2019/texmf-dist/tex/latex/amscls/amsthm.sty
Package: amsthm 2017/10/31 v2.20.4
\thm@style=\toks37
\thm@bodyfont=\toks38
\thm@headfont=\toks39
\thm@notefont=\toks40
\thm@headpunct=\toks41
\thm@preskip=\skip54
\thm@postskip=\skip55
\thm@headsep=\skip56
\dth@everypar=\toks42
)
\c@theorem=\count155
)
(c:/Program Files/texlive/2019/texmf-dist/tex/latex/beamer/beamerbasethemes.sty
))
(c:/Program Files/texlive/2019/texmf-dist/tex/latex/beamer/beamerthemedefault.s
ty
(c:/Program Files/texlive/2019/texmf-dist/tex/latex/beamer/beamerfontthemedefau
lt.sty)
(c:/Program Files/texlive/2019/texmf-dist/tex/latex/beamer/beamercolorthemedefa
ult.sty)
(c:/Program Files/texlive/2019/texmf-dist/tex/latex/beamer/beamerinnerthemedefa
ult.sty
\beamer@dima=\dimen185
\beamer@dimb=\dimen186
)
(c:/Program Files/texlive/2019/texmf-dist/tex/latex/beamer/beamerouterthemedefa
ult.sty)))
(c:/Program Files/texlive/2019/texmf-dist/tex/generic/babel/babel.sty
Package: babel 2019/04/03 3.29 The Babel package

(c:/Program Files/texlive/2019/texmf-dist/tex/generic/babel/switch.def
File: switch.def 2019/04/03 3.29 Babel switching mechanism
)
(c:/Program Files/texlive/2019/texmf-dist/tex/generic/babel-english/english.ldf
Language: english 2017/06/06 v3.3r English support from the babel system
(c:/Program Files/texlive/2019/texmf-dist/tex/generic/babel/babel.def
File: babel.def 2019/04/03 3.29 Babel common definitions
\babel@savecnt=\count156
\U@D=\dimen187

(c:/Program Files/texlive/2019/texmf-dist/tex/generic/babel/txtbabel.def)
LaTeX Info: Redefining \textlatin on input line 2011.
\bbl@dirlevel=\count157
)
\l@canadian = a dialect from \language\l@american 
\l@australian = a dialect from \language\l@british 
\l@newzealand = a dialect from \language\l@british 
)
(c:/Program Files/texlive/2019/texmf-dist/tex/generic/babel-italian/italian.ldf
Language: italian 2019/01/05 v.1.4.01 Italian support for the babel system
\it@lettering=\count158
\it@doublequoteactive=\count159
\it@ISOcompliance=\count160
)) (c:/Program Files/texlive/2019/texmf-dist/tex/latex/base/inputenc.sty
Package: inputenc 2018/08/11 v1.3c Input encoding file
\inpenc@prehook=\toks43
\inpenc@posthook=\toks44

(c:/Program Files/texlive/2019/texmf-dist/tex/latex/base/latin1.def
File: latin1.def 2018/08/11 v1.3c Input encoding file
))
(c:/Program Files/texlive/2019/texmf-dist/tex/latex/base/fontenc.sty
Package: fontenc 2018/08/11 v2.0j Standard LaTeX package

(c:/Program Files/texlive/2019/texmf-dist/tex/latex/base/t1enc.def
File: t1enc.def 2018/08/11 v2.0j Standard LaTeX file
LaTeX Font Info:    Redeclaring font encoding T1 on input line 48.
))
(c:/Program Files/texlive/2019/texmf-dist/tex/latex/animate/animate.sty
Package: animate 2019/03/06 PDF & SVG animations from files and inline graphics


(c:/Program Files/texlive/2019/texmf-dist/tex/latex/xkeyval/xkeyval.sty
Package: xkeyval 2014/12/03 v2.7a package option processing (HA)

(c:/Program Files/texlive/2019/texmf-dist/tex/generic/xkeyval/xkeyval.tex
(c:/Program Files/texlive/2019/texmf-dist/tex/generic/xkeyval/xkvutils.tex
\XKV@toks=\toks45
\XKV@tempa@toks=\toks46
)
\XKV@depth=\count161
File: xkeyval.tex 2014/12/03 v2.7a key=value parser (HA)
))
(c:/Program Files/texlive/2019/texmf-dist/tex/latex/base/ifthen.sty
Package: ifthen 2014/09/29 v1.1c Standard LaTeX ifthen package (DPC)
)
(c:/Program Files/texlive/2019/texmf-dist/tex/latex/oberdiek/ifdraft.sty
Package: ifdraft 2016/05/16 v1.4 Detect class options draft and final (HO)
)
(c:/Program Files/texlive/2019/texmf-dist/tex/latex/tools/calc.sty
Package: calc 2017/05/25 v4.3 Infix arithmetic (KKT,FJ)
\calc@Acount=\count162
\calc@Bcount=\count163
\calc@Adimen=\dimen188
\calc@Bdimen=\dimen189
\calc@Askip=\skip57
\calc@Bskip=\skip58
LaTeX Info: Redefining \setlength on input line 80.
LaTeX Info: Redefining \addtolength on input line 81.
\calc@Ccount=\count164
\calc@Cskip=\skip59
)
(c:/Program Files/texlive/2019/texmf-dist/tex/latex/oberdiek/zref-abspage.sty
Package: zref-abspage 2018/11/21 v2.27 Module abspage for zref (HO)

(c:/Program Files/texlive/2019/texmf-dist/tex/latex/oberdiek/zref-base.sty
Package: zref-base 2018/11/21 v2.27 Module base for zref (HO)
Package zref Info: New property list: main on input line 759.
Package zref Info: New property: default on input line 760.
Package zref Info: New property: page on input line 761.
)
\c@abspage=\count165
Package zref Info: New property: abspage on input line 62.
)
(c:/Program Files/texlive/2019/texmf-dist/tex/latex/media9/pdfbase.sty
(c:/Program Files/texlive/2019/texmf-dist/tex/latex/l3kernel/expl3.sty
Package: expl3 2019-04-06 L3 programming layer (loader) 

(c:/Program Files/texlive/2019/texmf-dist/tex/latex/l3kernel/expl3-code.tex
Package: expl3 2019-04-06 L3 programming layer (code)
\c_max_int=\count166
\l_tmpa_int=\count167
\l_tmpb_int=\count168
\g_tmpa_int=\count169
\g_tmpb_int=\count170
\g__kernel_prg_map_int=\count171
\c__ior_term_ior=\count172
\c_log_iow=\count173
\l_iow_line_count_int=\count174
\l__iow_line_target_int=\count175
\l__iow_one_indent_int=\count176
\l__iow_indent_int=\count177
\c_zero_dim=\dimen190
\c_max_dim=\dimen191
\l_tmpa_dim=\dimen192
\l_tmpb_dim=\dimen193
\g_tmpa_dim=\dimen194
\g_tmpb_dim=\dimen195
\c_zero_skip=\skip60
\c_max_skip=\skip61
\l_tmpa_skip=\skip62
\l_tmpb_skip=\skip63
\g_tmpa_skip=\skip64
\g_tmpb_skip=\skip65
\c_zero_muskip=\muskip12
\c_max_muskip=\muskip13
\l_tmpa_muskip=\muskip14
\l_tmpb_muskip=\muskip15
\g_tmpa_muskip=\muskip16
\g_tmpb_muskip=\muskip17
\l_keys_choice_int=\count178
\l__intarray_loop_int=\count179
\c__intarray_sp_dim=\dimen196
\g__intarray_font_int=\count180
\c__fp_leading_shift_int=\count181
\c__fp_middle_shift_int=\count182
\c__fp_trailing_shift_int=\count183
\c__fp_big_leading_shift_int=\count184
\c__fp_big_middle_shift_int=\count185
\c__fp_big_trailing_shift_int=\count186
\c__fp_Bigg_leading_shift_int=\count187
\c__fp_Bigg_middle_shift_int=\count188
\c__fp_Bigg_trailing_shift_int=\count189
\c__kernel_randint_max_int=\count190
\g__fp_array_int=\count191
\l__fp_array_loop_int=\count192
\l__sort_length_int=\count193
\l__sort_min_int=\count194
\l__sort_top_int=\count195
\l__sort_max_int=\count196
\l__sort_true_max_int=\count197
\l__sort_block_int=\count198
\l__sort_begin_int=\count199
\l__sort_end_int=\count266
\l__sort_A_int=\count267
\l__sort_B_int=\count268
\l__sort_C_int=\count269
\l__tl_analysis_normal_int=\count270
\l__tl_analysis_index_int=\count271
\l__tl_analysis_nesting_int=\count272
\l__tl_analysis_type_int=\count273
\l__regex_internal_a_int=\count274
\l__regex_internal_b_int=\count275
\l__regex_internal_c_int=\count276
\l__regex_balance_int=\count277
\l__regex_group_level_int=\count278
\l__regex_mode_int=\count279
\c__regex_cs_in_class_mode_int=\count280
\c__regex_cs_mode_int=\count281
\l__regex_catcodes_int=\count282
\l__regex_default_catcodes_int=\count283
\c__regex_catcode_D_int=\count284
\c__regex_catcode_S_int=\count285
\c__regex_catcode_L_int=\count286
\c__regex_catcode_O_int=\count287
\c__regex_catcode_A_int=\count288
\c__regex_all_catcodes_int=\count289
\l__regex_show_lines_int=\count290
\l__regex_min_state_int=\count291
\l__regex_max_state_int=\count292
\l__regex_left_state_int=\count293
\l__regex_right_state_int=\count294
\l__regex_capturing_group_int=\count295
\l__regex_min_pos_int=\count296
\l__regex_max_pos_int=\count297
\l__regex_curr_pos_int=\count298
\l__regex_start_pos_int=\count299
\l__regex_success_pos_int=\count300
\l__regex_curr_char_int=\count301
\l__regex_curr_catcode_int=\count302
\l__regex_last_char_int=\count303
\l__regex_case_changed_char_int=\count304
\l__regex_curr_state_int=\count305
\l__regex_step_int=\count306
\l__regex_min_active_int=\count307
\l__regex_max_active_int=\count308
\l__regex_replacement_csnames_int=\count309
\l__regex_match_count_int=\count310
\l__regex_min_submatch_int=\count311
\l__regex_submatch_int=\count312
\l__regex_zeroth_submatch_int=\count313
\g__regex_trace_regex_int=\count314
\c_empty_box=\box54
\l_tmpa_box=\box55
\l_tmpb_box=\box56
\g_tmpa_box=\box57
\g_tmpb_box=\box58
\l__box_top_dim=\dimen197
\l__box_bottom_dim=\dimen198
\l__box_left_dim=\dimen199
\l__box_right_dim=\dimen256
\l__box_top_new_dim=\dimen257
\l__box_bottom_new_dim=\dimen258
\l__box_left_new_dim=\dimen259
\l__box_right_new_dim=\dimen260
\l__box_internal_box=\box59
\l__coffin_internal_box=\box60
\l__coffin_internal_dim=\dimen261
\l__coffin_offset_x_dim=\dimen262
\l__coffin_offset_y_dim=\dimen263
\l__coffin_x_dim=\dimen264
\l__coffin_y_dim=\dimen265
\l__coffin_x_prime_dim=\dimen266
\l__coffin_y_prime_dim=\dimen267
\c_empty_coffin=\box61
\l__coffin_aligned_coffin=\box62
\l__coffin_aligned_internal_coffin=\box63
\l_tmpa_coffin=\box64
\l_tmpb_coffin=\box65
\g_tmpa_coffin=\box66
\g_tmpb_coffin=\box67
\l__coffin_bounding_shift_dim=\dimen268
\l__coffin_left_corner_dim=\dimen269
\l__coffin_right_corner_dim=\dimen270
\l__coffin_bottom_corner_dim=\dimen271
\l__coffin_top_corner_dim=\dimen272
\l__coffin_scaled_total_height_dim=\dimen273
\l__coffin_scaled_width_dim=\dimen274
\c__coffin_empty_coffin=\box68
\l__coffin_display_coffin=\box69
\l__coffin_display_coord_coffin=\box70
\l__coffin_display_pole_coffin=\box71
\l__coffin_display_offset_dim=\dimen275
\l__coffin_display_x_dim=\dimen276
\l__coffin_display_y_dim=\dimen277
\g__file_internal_ior=\read2
\l__seq_internal_a_int=\count315
\l__seq_internal_b_int=\count316
\c__deprecation_minus_one=\count317
)
(c:/Program Files/texlive/2019/texmf-dist/tex/latex/l3kernel/l3pdfmode.def
File: l3pdfmode.def 2019-04-06 v L3 Experimental driver: PDF mode
\l__driver_color_stack_int=\count318
))
(c:/Program Files/texlive/2019/texmf-dist/tex/latex/l3packages/l3keys2e/l3keys2
e.sty
Package: l3keys2e 2019-03-05 LaTeX2e option processing using LaTeX3 keys
)
Package: pdfbase 2019/02/21 v0.27 driver independent access to low-level PDF fe
atures
\g_pbs_page_int=\count319
\g_pbs_oc_int=\count320
) (c:/Program Files/texlive/2019/texmf-dist/tex/latex/ocgx2/ocgbase.sty
Package: ocgbase 2018/06/07 v0.14 support package for ocgx2.sty
\g_ocgbase_nd_int=\count321
)
\@anim@box=\box72
\@anim@measbox=\box73
\@anim@tmpdima=\dimen278
\@anim@tmpdimb=\dimen279
\@anim@num=\count322
\@anim@curframe=\count323
\@anim@curframe@zb=\count324
\@anim@resizeflags=\count325
\@anim@skipfram=\count326
\@anim@mulframecnt=\count327
\@anim@@tmlnfile=\read3
\@anim@tmpcnt=\count328
\c@@anim@ltxcnt=\count329
\@anim@curlayer=\count330
\@anim@lineno=\count331
\@anim@curfield=\count332
\@anim@@resizeflags=\count333
) (c:/Program Files/texlive/2019/texmf-dist/tex/latex/listings/listings.sty
\lst@mode=\count334
\lst@gtempboxa=\box74
\lst@token=\toks47
\lst@length=\count335
\lst@currlwidth=\dimen280
\lst@column=\count336
\lst@pos=\count337
\lst@lostspace=\dimen281
\lst@width=\dimen282
\lst@newlines=\count338
\lst@lineno=\count339
\lst@maxwidth=\dimen283

(c:/Program Files/texlive/2019/texmf-dist/tex/latex/listings/lstmisc.sty
File: lstmisc.sty 2019/02/27 1.8b (Carsten Heinz)
\c@lstnumber=\count340
\lst@skipnumbers=\count341
\lst@framebox=\box75
)
(c:/Program Files/texlive/2019/texmf-dist/tex/latex/listings/listings.cfg
File: listings.cfg 2019/02/27 1.8b listings configuration
))
Package: listings 2019/02/27 1.8b (Carsten Heinz)

(c:/Program Files/texlive/2019/texmf-dist/tex/latex/siunitx/siunitx.sty
(c:/Program Files/texlive/2019/texmf-dist/tex/latex/l3packages/xparse/xparse.st
y
Package: xparse 2019-03-05 L3 Experimental document command parser
\l__xparse_current_arg_int=\count342
\g__xparse_grabber_int=\count343
\l__xparse_m_args_int=\count344
\l__xparse_v_nesting_int=\count345
)
Package: siunitx 2018/05/17 v2.7s A comprehensive (SI) units package
 (c:/Program Files/texlive/2019/texmf-dist/tex/latex/tools/array.sty
Package: array 2018/12/30 v2.4k Tabular extension package (FMi)
\col@sep=\dimen284
\ar@mcellbox=\box76
\extrarowheight=\dimen285
\NC@list=\toks48
\extratabsurround=\skip66
\backup@length=\skip67
\ar@cellbox=\box77
)
\l__siunitx_tmp_box=\box78
\l__siunitx_tmp_dim=\dimen286
\l__siunitx_tmp_int=\count346
\l__siunitx_number_mantissa_length_int=\count347
\l__siunitx_number_uncert_length_int=\count348
\l__siunitx_round_int=\count349
\l__siunitx_process_decimal_int=\count350
\l__siunitx_process_uncertainty_int=\count351
\l__siunitx_process_fixed_int=\count352
\l__siunitx_process_integer_min_int=\count353
\l__siunitx_process_precision_int=\count354
\l__siunitx_group_min_int=\count355
\l__siunitx_angle_marker_box=\box79
\l__siunitx_angle_unit_box=\box80
\l__siunitx_angle_marker_dim=\dimen287
\l__siunitx_angle_unit_dim=\dimen288
\l__siunitx_unit_int=\count356
\l__siunitx_unit_denominator_int=\count357
\l__siunitx_unit_numerator_int=\count358
\l__siunitx_unit_prefix_int=\count359
\l__siunitx_unit_prefix_base_int=\count360
\l__siunitx_unit_prefix_gram_int=\count361
\l__siunitx_number_product_int=\count362
\c__siunitx_one_fill_skip=\skip68
\l__siunitx_table_unit_align_skip=\skip69
\l__siunitx_table_exponent_dim=\dimen289
\l__siunitx_table_integer_dim=\dimen290
\l__siunitx_table_mantissa_dim=\dimen291
\l__siunitx_table_marker_dim=\dimen292
\l__siunitx_table_result_dim=\dimen293
\l__siunitx_table_uncert_dim=\dimen294
\l__siunitx_table_fill_pre_dim=\dimen295
\l__siunitx_table_fill_post_dim=\dimen296
\l__siunitx_table_fill_mid_dim=\dimen297
\l__siunitx_table_pre_box=\box81
\l__siunitx_table_post_box=\box82
\l__siunitx_table_mantissa_box=\box83
\l__siunitx_table_result_box=\box84
\l__siunitx_table_number_align_skip=\skip70
\l__siunitx_table_text_align_skip=\skip71
)
(c:/Program Files/texlive/2019/texmf-dist/tex/latex/booktabs/booktabs.sty
Package: booktabs 2016/04/27 v1.618033 publication quality tables
\heavyrulewidth=\dimen298
\lightrulewidth=\dimen299
\cmidrulewidth=\dimen300
\belowrulesep=\dimen301
\belowbottomsep=\dimen302
\aboverulesep=\dimen303
\abovetopsep=\dimen304
\cmidrulesep=\dimen305
\cmidrulekern=\dimen306
\defaultaddspace=\dimen307
\@cmidla=\count363
\@cmidlb=\count364
\@aboverulesep=\dimen308
\@belowrulesep=\dimen309
\@thisruleclass=\count365
\@lastruleclass=\count366
\@thisrulewidth=\dimen310
)
(c:/Program Files/texlive/2019/texmf-dist/tex/latex/caption/subcaption.sty
Package: subcaption 2018/05/01 v1.1-162 Sub-captions (AR)

(c:/Program Files/texlive/2019/texmf-dist/tex/latex/caption/caption.sty
Package: caption 2018/10/06 v3.3-154 Customizing captions (AR)

(c:/Program Files/texlive/2019/texmf-dist/tex/latex/caption/caption3.sty
Package: caption3 2018/09/12 v1.8c caption3 kernel (AR)
Package caption3 Info: TeX engine: e-TeX on input line 64.
\captionmargin=\dimen311
\captionmargin@=\dimen312
\captionwidth=\dimen313
\caption@tempdima=\dimen314
\caption@indent=\dimen315
\caption@parindent=\dimen316
\caption@hangindent=\dimen317
)
\c@caption@flags=\count367
\c@ContinuedFloat=\count368
Package caption Info: beamer document class.
Package caption Info: hyperref package is loaded.
Package caption Info: Hyperref support is turned off
(caption)             because hyperref has stopped early.
Package caption Info: listings package is loaded.
)
\c@subfigure=\count369
\c@subtable=\count370
)
(c:/Program Files/texlive/2019/texmf-dist/tex/latex/beamer/beamerthemeAntibes.s
ty
(c:/Program Files/texlive/2019/texmf-dist/tex/latex/beamer/beamerouterthemetree
.sty)
(c:/Program Files/texlive/2019/texmf-dist/tex/latex/beamer/beamercolorthemewhal
e.sty)
(c:/Program Files/texlive/2019/texmf-dist/tex/latex/beamer/beamercolorthemeorch
id.sty)
(c:/Program Files/texlive/2019/texmf-dist/tex/latex/beamer/beamerinnerthemerect
angles.sty))
(c:/Program Files/texlive/2019/texmf-dist/tex/latex/csquotes/csquotes.sty
Package: csquotes 2018/04/13 v5.2d context-sensitive quotations (JAW)
\csq@reset=\count371
\csq@gtype=\count372
\csq@glevel=\count373
\csq@qlevel=\count374
\csq@maxlvl=\count375
\csq@tshold=\count376
\csq@ltx@everypar=\toks49

(c:/Program Files/texlive/2019/texmf-dist/tex/latex/csquotes/csquotes.def
File: csquotes.def 2018/04/13 v5.2d csquotes generic definitions (JAW)
)
Package csquotes Info: Trying to load configuration file 'csquotes.cfg'...
Package csquotes Info: ... configuration file loaded successfully.

(c:/Program Files/texlive/2019/texmf-dist/tex/latex/csquotes/csquotes.cfg
File: csquotes.cfg 
)
Package csquotes Info: Enabling multilingual quotes.
Package csquotes Info: Redefining alias 'italian' -> 'italian/guillemets'.
)
(c:/Program Files/texlive/2019/texmf-dist/tex/latex/biblatex/biblatex.sty
Package: biblatex 2018/11/02 v3.12 programmable bibliographies (PK/MW)

(c:/Program Files/texlive/2019/texmf-dist/tex/latex/logreq/logreq.sty
Package: logreq 2010/08/04 v1.0 xml request logger
\lrq@indent=\count377

(c:/Program Files/texlive/2019/texmf-dist/tex/latex/logreq/logreq.def
File: logreq.def 2010/08/04 v1.0 logreq spec v1.0
))
\c@tabx@nest=\count378
\c@listtotal=\count379
\c@listcount=\count380
\c@liststart=\count381
\c@liststop=\count382
\c@citecount=\count383
\c@citetotal=\count384
\c@multicitecount=\count385
\c@multicitetotal=\count386
\c@instcount=\count387
\c@maxnames=\count388
\c@minnames=\count389
\c@maxitems=\count390
\c@minitems=\count391
\c@citecounter=\count392
\c@maxcitecounter=\count393
\c@savedcitecounter=\count394
\c@uniquelist=\count395
\c@uniquename=\count396
\c@refsection=\count397
\c@refsegment=\count398
\c@maxextratitle=\count399
\c@maxextratitleyear=\count400
\c@maxextraname=\count401
\c@maxextradate=\count402
\c@maxextraalpha=\count403
\c@abbrvpenalty=\count404
\c@highnamepenalty=\count405
\c@lownamepenalty=\count406
\c@maxparens=\count407
\c@parenlevel=\count408
\blx@tempcnta=\count409
\blx@tempcntb=\count410
\blx@tempcntc=\count411
\blx@maxsection=\count412
\blx@maxsegment@0=\count413
\blx@notetype=\count414
\blx@parenlevel@text=\count415
\blx@parenlevel@foot=\count416
\blx@sectionciteorder@0=\count417
\blx@entrysetcounter=\count418
\labelnumberwidth=\skip72
\labelalphawidth=\skip73
\biblabelsep=\skip74
\bibitemsep=\skip75
\bibnamesep=\skip76
\bibinitsep=\skip77
\bibparsep=\skip78
\bibhang=\skip79
\blx@bcfin=\read4
\blx@bcfout=\write5
\c@mincomprange=\count419
\c@maxcomprange=\count420
\c@mincompwidth=\count421
Package biblatex Info: Trying to load biblatex default data model...
Package biblatex Info: ... file 'blx-dm.def' found.

(c:/Program Files/texlive/2019/texmf-dist/tex/latex/biblatex/blx-dm.def
File: blx-dm.def 2018/11/02 v3.12 biblatex localization (PK/MW)
)
Package biblatex Info: Trying to load biblatex style data model...
Package biblatex Info: ... file 'numeric.dbx' not found.
Package biblatex Info: Trying to load biblatex custom data model...
Package biblatex Info: ... file 'biblatex-dm.cfg' not found.
\c@afterword=\count422
\c@savedafterword=\count423
\c@annotator=\count424
\c@savedannotator=\count425
\c@author=\count426
\c@savedauthor=\count427
\c@bookauthor=\count428
\c@savedbookauthor=\count429
\c@commentator=\count430
\c@savedcommentator=\count431
\c@editor=\count432
\c@savededitor=\count433
\c@editora=\count434
\c@savededitora=\count435
\c@editorb=\count436
\c@savededitorb=\count437
\c@editorc=\count438
\c@savededitorc=\count439
\c@foreword=\count440
\c@savedforeword=\count441
\c@holder=\count442
\c@savedholder=\count443
\c@introduction=\count444
\c@savedintroduction=\count445
\c@namea=\count446
\c@savednamea=\count447
\c@nameb=\count448
\c@savednameb=\count449
\c@namec=\count450
\c@savednamec=\count451
\c@translator=\count452
\c@savedtranslator=\count453
\c@shortauthor=\count454
\c@savedshortauthor=\count455
\c@shorteditor=\count456
\c@savedshorteditor=\count457
\c@labelname=\count458
\c@savedlabelname=\count459
\c@institution=\count460
\c@savedinstitution=\count461
\c@lista=\count462
\c@savedlista=\count463
\c@listb=\count464
\c@savedlistb=\count465
\c@listc=\count466
\c@savedlistc=\count467
\c@listd=\count468
\c@savedlistd=\count469
\c@liste=\count470
\c@savedliste=\count471
\c@listf=\count472
\c@savedlistf=\count473
\c@location=\count474
\c@savedlocation=\count475
\c@organization=\count476
\c@savedorganization=\count477
\c@origlocation=\count478
\c@savedoriglocation=\count479
\c@origpublisher=\count480
\c@savedorigpublisher=\count481
\c@publisher=\count482
\c@savedpublisher=\count483
\c@language=\count484
\c@savedlanguage=\count485
\c@origlanguage=\count486
\c@savedoriglanguage=\count487
\c@pageref=\count488
\c@savedpageref=\count489
\shorthandwidth=\skip80
\shortjournalwidth=\skip81
\shortserieswidth=\skip82
\shorttitlewidth=\skip83
\shortauthorwidth=\skip84
\shorteditorwidth=\skip85
\locallabelnumberwidth=\skip86
\locallabelalphawidth=\skip87
\localshorthandwidth=\skip88
\localshortjournalwidth=\skip89
\localshortserieswidth=\skip90
\localshorttitlewidth=\skip91
\localshortauthorwidth=\skip92
\localshorteditorwidth=\skip93
Package biblatex Info: Trying to load compatibility code...
Package biblatex Info: ... file 'blx-compat.def' found.

(c:/Program Files/texlive/2019/texmf-dist/tex/latex/biblatex/blx-compat.def
File: blx-compat.def 2018/11/02 v3.12 biblatex compatibility (PK/MW)
)
Package biblatex Info: Trying to load generic definitions...
Package biblatex Info: ... file 'biblatex.def' found.

(c:/Program Files/texlive/2019/texmf-dist/tex/latex/biblatex/biblatex.def
File: biblatex.def 2018/11/02 v3.12 biblatex compatibility (PK/MW)
\c@textcitecount=\count490
\c@textcitetotal=\count491
\c@textcitemaxnames=\count492
\c@biburlnumpenalty=\count493
\c@biburlucpenalty=\count494
\c@biburllcpenalty=\count495
\c@smartand=\count496
)
Package biblatex Info: Trying to load bibliography style 'numeric'...
Package biblatex Info: ... file 'numeric.bbx' found.

(c:/Program Files/texlive/2019/texmf-dist/tex/latex/biblatex/bbx/numeric.bbx
File: numeric.bbx 2018/11/02 v3.12 biblatex bibliography style (PK/MW)
Package biblatex Info: Trying to load bibliography style 'standard'...
Package biblatex Info: ... file 'standard.bbx' found.

(c:/Program Files/texlive/2019/texmf-dist/tex/latex/biblatex/bbx/standard.bbx
File: standard.bbx 2018/11/02 v3.12 biblatex bibliography style (PK/MW)
\c@bbx:relatedcount=\count497
\c@bbx:relatedtotal=\count498
))
Package biblatex Info: Trying to load citation style 'numeric'...
Package biblatex Info: ... file 'numeric.cbx' found.
(c:/Program Files/texlive/2019/texmf-dist/tex/latex/biblatex/cbx/numeric.cbx
File: numeric.cbx 2018/11/02 v3.12 biblatex citation style (PK/MW)
Package biblatex Info: Redefining '\cite'.
Package biblatex Info: Redefining '\parencite'.
Package biblatex Info: Redefining '\footcite'.
Package biblatex Info: Redefining '\footcitetext'.
Package biblatex Info: Redefining '\smartcite'.
Package biblatex Info: Redefining '\supercite'.
Package biblatex Info: Redefining '\textcite'.
Package biblatex Info: Redefining '\textcites'.
Package biblatex Info: Redefining '\cites'.
Package biblatex Info: Redefining '\parencites'.
Package biblatex Info: Redefining '\smartcites'.
)
Package biblatex Info: Trying to load configuration file...
Package biblatex Info: ... file 'biblatex.cfg' found.

(c:/Program Files/texlive/2019/texmf-dist/tex/latex/biblatex/biblatex.cfg
File: biblatex.cfg 
))
Package csquotes Info: Checking for multilingual support...
Package csquotes Info: ... found 'babel' package.
Package biblatex Info: Trying to load language 'italian'...
Package biblatex Info: ... file 'italian.lbx' found.

(c:/Program Files/texlive/2019/texmf-dist/tex/latex/biblatex/lbx/italian.lbx
File: italian.lbx 2018/11/02 v3.12 biblatex localization (PK/MW)
)
Package biblatex Info: Trying to load language 'english'...
Package biblatex Info: ... file 'english.lbx' found.

(c:/Program Files/texlive/2019/texmf-dist/tex/latex/biblatex/lbx/english.lbx
File: english.lbx 2018/11/02 v3.12 biblatex localization (PK/MW)
)
(./Presentazione.aux)
\openout1 = `Presentazione.aux'.

LaTeX Font Info:    Checking defaults for OML/cmm/m/it on input line 45.
LaTeX Font Info:    ... okay on input line 45.
LaTeX Font Info:    Checking defaults for T1/cmr/m/n on input line 45.
LaTeX Font Info:    ... okay on input line 45.
LaTeX Font Info:    Checking defaults for OT1/cmr/m/n on input line 45.
LaTeX Font Info:    ... okay on input line 45.
LaTeX Font Info:    Checking defaults for OMS/cmsy/m/n on input line 45.
LaTeX Font Info:    ... okay on input line 45.
LaTeX Font Info:    Checking defaults for OMX/cmex/m/n on input line 45.
LaTeX Font Info:    ... okay on input line 45.
LaTeX Font Info:    Checking defaults for U/cmr/m/n on input line 45.
LaTeX Font Info:    ... okay on input line 45.
LaTeX Font Info:    Checking defaults for PD1/pdf/m/n on input line 45.
LaTeX Font Info:    ... okay on input line 45.

*geometry* driver: auto-detecting
*geometry* detected driver: pdftex
*geometry* verbose mode - [ preamble ] result:
* driver: pdftex
* paper: custom
* layout: <same size as paper>
* layoutoffset:(h,v)=(0.0pt,0.0pt)
* modes: includehead includefoot 
* h-part:(L,W,R)=(28.45274pt, 307.28987pt, 28.45274pt)
* v-part:(T,H,B)=(0.0pt, 273.14662pt, 0.0pt)
* \paperwidth=364.19536pt
* \paperheight=273.14662pt
* \textwidth=307.28987pt
* \textheight=244.6939pt
* \oddsidemargin=-43.81725pt
* \evensidemargin=-43.81725pt
* \topmargin=-72.26999pt
* \headheight=14.22636pt
* \headsep=0.0pt
* \topskip=11.0pt
* \footskip=14.22636pt
* \marginparwidth=4.0pt
* \marginparsep=10.0pt
* \columnsep=10.0pt
* \skip\footins=10.0pt plus 4.0pt minus 2.0pt
* \hoffset=0.0pt
* \voffset=0.0pt
* \mag=1000
* \@twocolumnfalse
* \@twosidefalse
* \@mparswitchfalse
* \@reversemarginfalse
* (1in=72.27pt=25.4mm, 1cm=28.453pt)

(c:/Program Files/texlive/2019/texmf-dist/tex/context/base/mkii/supp-pdf.mkii
[Loading MPS to PDF converter (version 2006.09.02).]
\scratchcounter=\count499
\scratchdimen=\dimen318
\scratchbox=\box85
\nofMPsegments=\count500
\nofMParguments=\count501
\everyMPshowfont=\toks50
\MPscratchCnt=\count502
\MPscratchDim=\dimen319
\MPnumerator=\count503
\makeMPintoPDFobject=\count504
\everyMPtoPDFconversion=\toks51
)
(c:/Program Files/texlive/2019/texmf-dist/tex/latex/oberdiek/epstopdf-base.sty
Package: epstopdf-base 2016/05/15 v2.6 Base part for package epstopdf

(c:/Program Files/texlive/2019/texmf-dist/tex/latex/oberdiek/grfext.sty
Package: grfext 2016/05/16 v1.2 Manage graphics extensions (HO)
)
Package epstopdf-base Info: Redefining graphics rule for `.eps' on input line 4
38.
Package grfext Info: Graphics extension search list:
(grfext)             [.pdf,.png,.jpg,.mps,.jpeg,.jbig2,.jb2,.PDF,.PNG,.JPG,.JPE
G,.JBIG2,.JB2,.eps]
(grfext)             \AppendGraphicsExtensions on input line 456.

(c:/Program Files/texlive/2019/texmf-dist/tex/latex/latexconfig/epstopdf-sys.cf
g
File: epstopdf-sys.cfg 2010/07/13 v1.3 Configuration of (r)epstopdf for TeX Liv
e
)) ABD: EveryShipout initializing macros
\AtBeginShipoutBox=\box86
Package hyperref Info: Link coloring OFF on input line 45.

(c:/Program Files/texlive/2019/texmf-dist/tex/latex/hyperref/nameref.sty
Package: nameref 2016/05/21 v2.44 Cross-referencing by name of section

(c:/Program Files/texlive/2019/texmf-dist/tex/generic/oberdiek/gettitlestring.s
ty
Package: gettitlestring 2016/05/16 v1.5 Cleanup title references (HO)
)
\c@section@level=\count505
)
LaTeX Info: Redefining \ref on input line 45.
LaTeX Info: Redefining \pageref on input line 45.
LaTeX Info: Redefining \nameref on input line 45.
 (./Presentazione.out) (./Presentazione.out)
\@outlinefile=\write6
\openout6 = `Presentazione.out'.

LaTeX Font Info:    Overwriting symbol font `operators' in version `normal'
(Font)                  OT1/cmr/m/n --> OT1/cmss/m/n on input line 45.
LaTeX Font Info:    Overwriting symbol font `operators' in version `bold'
(Font)                  OT1/cmr/bx/n --> OT1/cmss/bx/n on input line 45.
\symnumbers=\mathgroup6
\sympureletters=\mathgroup7
LaTeX Font Info:    Overwriting math alphabet `\mathrm' in version `normal'
(Font)                  OT1/cmss/m/n --> T1/cmr/m/n on input line 45.
LaTeX Font Info:    Redeclaring math alphabet \mathbf on input line 45.
LaTeX Font Info:    Overwriting math alphabet `\mathbf' in version `normal'
(Font)                  OT1/cmr/bx/n --> T1/cmss/bx/n on input line 45.
LaTeX Font Info:    Overwriting math alphabet `\mathbf' in version `bold'
(Font)                  OT1/cmr/bx/n --> T1/cmss/bx/n on input line 45.
LaTeX Font Info:    Redeclaring math alphabet \mathsf on input line 45.
LaTeX Font Info:    Overwriting math alphabet `\mathsf' in version `normal'
(Font)                  OT1/cmss/m/n --> T1/cmss/m/n on input line 45.
LaTeX Font Info:    Overwriting math alphabet `\mathsf' in version `bold'
(Font)                  OT1/cmss/bx/n --> T1/cmss/m/n on input line 45.
LaTeX Font Info:    Redeclaring math alphabet \mathit on input line 45.
LaTeX Font Info:    Overwriting math alphabet `\mathit' in version `normal'
(Font)                  OT1/cmr/m/it --> T1/cmss/m/it on input line 45.
LaTeX Font Info:    Overwriting math alphabet `\mathit' in version `bold'
(Font)                  OT1/cmr/bx/it --> T1/cmss/m/it on input line 45.
LaTeX Font Info:    Redeclaring math alphabet \mathtt on input line 45.
LaTeX Font Info:    Overwriting math alphabet `\mathtt' in version `normal'
(Font)                  OT1/cmtt/m/n --> T1/cmtt/m/n on input line 45.
LaTeX Font Info:    Overwriting math alphabet `\mathtt' in version `bold'
(Font)                  OT1/cmtt/m/n --> T1/cmtt/m/n on input line 45.
LaTeX Font Info:    Overwriting symbol font `numbers' in version `bold'
(Font)                  T1/cmss/m/n --> T1/cmss/bx/n on input line 45.
LaTeX Font Info:    Overwriting symbol font `pureletters' in version `bold'
(Font)                  T1/cmss/m/it --> T1/cmss/bx/it on input line 45.
LaTeX Font Info:    Overwriting math alphabet `\mathrm' in version `bold'
(Font)                  OT1/cmss/bx/n --> T1/cmr/bx/n on input line 45.
LaTeX Font Info:    Overwriting math alphabet `\mathbf' in version `bold'
(Font)                  T1/cmss/bx/n --> T1/cmss/bx/n on input line 45.
LaTeX Font Info:    Overwriting math alphabet `\mathsf' in version `bold'
(Font)                  T1/cmss/m/n --> T1/cmss/bx/n on input line 45.
LaTeX Font Info:    Overwriting math alphabet `\mathit' in version `bold'
(Font)                  T1/cmss/m/it --> T1/cmss/bx/it on input line 45.
LaTeX Font Info:    Overwriting math alphabet `\mathtt' in version `bold'
(Font)                  T1/cmtt/m/n --> T1/cmtt/bx/n on input line 45.
LaTeX Font Info:    Redeclaring symbol font `pureletters' on input line 45.
LaTeX Font Info:    Encoding `T1' has changed to `OT1' for symbol font
(Font)              `pureletters' in the math version `normal' on input line 45
.
LaTeX Font Info:    Overwriting symbol font `pureletters' in version `normal'
(Font)                  T1/cmss/m/it --> OT1/mathkerncmss/m/sl on input line 45
.
LaTeX Font Info:    Encoding `T1' has changed to `OT1' for symbol font
(Font)              `pureletters' in the math version `bold' on input line 45.
LaTeX Font Info:    Overwriting symbol font `pureletters' in version `bold'
(Font)                  T1/cmss/bx/it --> OT1/mathkerncmss/m/sl on input line 4
5.
LaTeX Font Info:    Overwriting symbol font `pureletters' in version `bold'
(Font)                  OT1/mathkerncmss/m/sl --> OT1/mathkerncmss/bx/sl on inp
ut line 45.

(c:/Program Files/texlive/2019/texmf-dist/tex/latex/translator/translator-basic
-dictionary-English.dict
Dictionary: translator-basic-dictionary, Language: English 
)
(c:/Program Files/texlive/2019/texmf-dist/tex/latex/translator/translator-bibli
ography-dictionary-English.dict
Dictionary: translator-bibliography-dictionary, Language: English 
)
(c:/Program Files/texlive/2019/texmf-dist/tex/latex/translator/translator-envir
onment-dictionary-English.dict
Dictionary: translator-environment-dictionary, Language: English 
)
(c:/Program Files/texlive/2019/texmf-dist/tex/latex/translator/translator-month
s-dictionary-English.dict
Dictionary: translator-months-dictionary, Language: English 
)
(c:/Program Files/texlive/2019/texmf-dist/tex/latex/translator/translator-numbe
rs-dictionary-English.dict
Dictionary: translator-numbers-dictionary, Language: English 
)
(c:/Program Files/texlive/2019/texmf-dist/tex/latex/translator/translator-theor
em-dictionary-English.dict
Dictionary: translator-theorem-dictionary, Language: English 
)
LaTeX Info: Redefining \it@ocap on input line 45.
LaTeX Info: Redefining \it@ccap on input line 45.
\c@lstlisting=\count506
Now handling font encoding TS1 ...
... processing UTF-8 mapping file for font encoding TS1

(c:/Program Files/texlive/2019/texmf-dist/tex/latex/base/ts1enc.dfu
File: ts1enc.dfu 2018/10/05 v1.2f UTF-8 support for inputenc
   defining Unicode char U+00A2 (decimal 162)
   defining Unicode char U+00A3 (decimal 163)
   defining Unicode char U+00A4 (decimal 164)
   defining Unicode char U+00A5 (decimal 165)
   defining Unicode char U+00A6 (decimal 166)
   defining Unicode char U+00A7 (decimal 167)
   defining Unicode char U+00A8 (decimal 168)
   defining Unicode char U+00A9 (decimal 169)
   defining Unicode char U+00AA (decimal 170)
   defining Unicode char U+00AC (decimal 172)
   defining Unicode char U+00AE (decimal 174)
   defining Unicode char U+00AF (decimal 175)
   defining Unicode char U+00B0 (decimal 176)
   defining Unicode char U+00B1 (decimal 177)
   defining Unicode char U+00B2 (decimal 178)
   defining Unicode char U+00B3 (decimal 179)
   defining Unicode char U+00B4 (decimal 180)
   defining Unicode char U+00B5 (decimal 181)
   defining Unicode char U+00B6 (decimal 182)
   defining Unicode char U+00B7 (decimal 183)
   defining Unicode char U+00B9 (decimal 185)
   defining Unicode char U+00BA (decimal 186)
   defining Unicode char U+00BC (decimal 188)
   defining Unicode char U+00BD (decimal 189)
   defining Unicode char U+00BE (decimal 190)
   defining Unicode char U+00D7 (decimal 215)
   defining Unicode char U+00F7 (decimal 247)
   defining Unicode char U+0192 (decimal 402)
   defining Unicode char U+02C7 (decimal 711)
   defining Unicode char U+02D8 (decimal 728)
   defining Unicode char U+02DD (decimal 733)
   defining Unicode char U+0E3F (decimal 3647)
   defining Unicode char U+2016 (decimal 8214)
   defining Unicode char U+2020 (decimal 8224)
   defining Unicode char U+2021 (decimal 8225)
   defining Unicode char U+2022 (decimal 8226)
   defining Unicode char U+2030 (decimal 8240)
   defining Unicode char U+2031 (decimal 8241)
   defining Unicode char U+203B (decimal 8251)
   defining Unicode char U+203D (decimal 8253)
   defining Unicode char U+2044 (decimal 8260)
   defining Unicode char U+204E (decimal 8270)
   defining Unicode char U+2052 (decimal 8274)
   defining Unicode char U+20A1 (decimal 8353)
   defining Unicode char U+20A4 (decimal 8356)
   defining Unicode char U+20A6 (decimal 8358)
   defining Unicode char U+20A9 (decimal 8361)
   defining Unicode char U+20AB (decimal 8363)
   defining Unicode char U+20AC (decimal 8364)
   defining Unicode char U+20B1 (decimal 8369)
   defining Unicode char U+2103 (decimal 8451)
   defining Unicode char U+2116 (decimal 8470)
   defining Unicode char U+2117 (decimal 8471)
   defining Unicode char U+211E (decimal 8478)
   defining Unicode char U+2120 (decimal 8480)
   defining Unicode char U+2122 (decimal 8482)
   defining Unicode char U+2126 (decimal 8486)
   defining Unicode char U+2127 (decimal 8487)
   defining Unicode char U+212E (decimal 8494)
   defining Unicode char U+2190 (decimal 8592)
   defining Unicode char U+2191 (decimal 8593)
   defining Unicode char U+2192 (decimal 8594)
   defining Unicode char U+2193 (decimal 8595)
   defining Unicode char U+2329 (decimal 9001)
   defining Unicode char U+232A (decimal 9002)
   defining Unicode char U+2422 (decimal 9250)
   defining Unicode char U+25E6 (decimal 9702)
   defining Unicode char U+25EF (decimal 9711)
   defining Unicode char U+266A (decimal 9834)
   defining Unicode char U+FEFF (decimal 65279)
)
(c:/Program Files/texlive/2019/texmf-dist/tex/latex/siunitx/siunitx-abbreviatio
ns.cfg
File: siunitx-abbreviations.cfg 2017/11/26 v2.7k siunitx: Abbreviated units
)
Package caption Info: Begin \AtBeginDocument code.
Package caption Info: End \AtBeginDocument code.
Package biblatex Info: Input encoding 'latin1' detected.
Package biblatex Info: Automatic encoding selection.
(biblatex)             Assuming data encoding 'latin1'.
\openout5 = `Presentazione.bcf'.

Package biblatex Info: Trying to load bibliographic data...
Package biblatex Info: ... file 'Presentazione.bbl' found.
 (./Presentazione.bbl)
Package biblatex Info: Reference section=0 on input line 45.
Package biblatex Info: Reference segment=0 on input line 45.
 (./Presentazione.nav)
LaTeX Font Info:    Try loading font information for U+msa on input line 45.

(c:/Program Files/texlive/2019/texmf-dist/tex/latex/amsfonts/umsa.fd
File: umsa.fd 2013/01/14 v3.01 AMS symbols A
)
LaTeX Font Info:    Try loading font information for U+msb on input line 45.

(c:/Program Files/texlive/2019/texmf-dist/tex/latex/amsfonts/umsb.fd
File: umsb.fd 2013/01/14 v3.01 AMS symbols B
)
LaTeX Font Info:    Try loading font information for OT1+mathkerncmss on input 
line 45.

(c:/Program Files/texlive/2019/texmf-dist/tex/latex/sansmathaccent/ot1mathkernc
mss.fd
File: ot1mathkerncmss.fd 2013/03/27 Fontinst v1.933 font definitions for OT1/ma
thkerncmss.
)
LaTeX Font Info:    Try loading font information for T1+cmtt on input line 45.
 (c:/Program Files/texlive/2019/texmf-dist/tex/latex/base/t1cmtt.fd
File: t1cmtt.fd 2014/09/29 v2.5h Standard LaTeX font definitions
)
<Immagini/univpmlogo.png, id=46, 602.25pt x 602.25pt>
File: Immagini/univpmlogo.png Graphic file (type png)
<use Immagini/univpmlogo.png>
Package pdftex.def Info: Immagini/univpmlogo.png  used on input line 48.
(pdftex.def)             Requested size: 56.9055pt x 56.90189pt.

[1{c:/Program Files/texlive/2019/texmf-var/fonts/map/pdftex/updmap/pdftex.map}

 <./Immagini/univpmlogo.png>] (./Presentazione.toc) [2

] (./Presentazione.toc)
[3

] [4

]
<Immagini/head.png, id=186, 760.0395pt x 342.078pt>
File: Immagini/head.png Graphic file (type png)
<use Immagini/head.png>
Package pdftex.def Info: Immagini/head.png  used on input line 82.
(pdftex.def)             Requested size: 307.28987pt x 138.30594pt.
 [5

 <./Immagini/head.png>] (./Presentazione.toc) [6

] [7

]
Overfull \vbox (4.91757pt too high) detected at line 120
 []

[8

] [9

] (./Presentazione.toc) [10

] [11

] (./Presentazione.toc) [12

]
Overfull \hbox (8.79628pt too wide) detected at line 230
[][]\OT1/mathkerncmss/m/sl/10.95 y[]\OT1/cmss/m/n/10.95 [\OT1/mathkerncmss/m/sl
/10.95 n\OT1/cmss/m/n/10.95 ] = \OT1/mathkerncmss/m/sl/10.95 r[]\OT1/cmss/m/n/1
0.95 [\OT1/mathkerncmss/m/sl/10.95 n\OT1/cmss/m/n/10.95 ] \U/msa/m/n/10.95 ~ \O
T1/mathkerncmss/m/sl/10.95 h[]\OT1/cmss/m/n/10.95 [\OT1/mathkerncmss/m/sl/10.95
 n\OT1/cmss/m/n/10.95 ] + \OT1/mathkerncmss/m/sl/10.95 r[]\OT1/cmss/m/n/10.95 [
\OT1/mathkerncmss/m/sl/10.95 n\OT1/cmss/m/n/10.95 ] \U/msa/m/n/10.95 ~ \OT1/mat
hkerncmss/m/sl/10.95 h[]\OT1/cmss/m/n/10.95 [\OT1/mathkerncmss/m/sl/10.95 n\OT1
/cmss/m/n/10.95 ] + \OT1/mathkerncmss/m/sl/10.95 r[]\OT1/cmss/m/n/10.95 [\OT1/m
athkerncmss/m/sl/10.95 n\OT1/cmss/m/n/10.95 ] \U/msa/m/n/10.95 ~ \OT1/mathkernc
mss/m/sl/10.95 h[]\OT1/cmss/m/n/10.95 [\OT1/mathkerncmss/m/sl/10.95 n\OT1/cmss/
m/n/10.95 ] + \OT1/mathkerncmss/m/sl/10.95 r[]\OT1/cmss/m/n/10.95 [\OT1/mathker
ncmss/m/sl/10.95 n\OT1/cmss/m/n/10.95 ] \U/msa/m/n/10.95 ~ \OT1/mathkerncmss/m/
sl/10.95 h[]\OT1/cmss/m/n/10.95 [\OT1/mathkerncmss/m/sl/10.95 n\OT1/cmss/m/n/10
.95 ]\OML/cmm/m/it/10.95 :
 []

[13

] [14


] [15


]
<Immagini/lms.png, id=540, 532.99126pt x 439.04025pt>
File: Immagini/lms.png Graphic file (type png)
<use Immagini/lms.png>
Package pdftex.def Info: Immagini/lms.png  used on input line 239.
(pdftex.def)             Requested size: 184.3758pt x 151.871pt.
 [16

 <./Immagini/lms.png>] (./Presentazione.toc) [17

] [18

]
[19


]
<Immagini/ols.jpg, id=667, 249.93375pt x 203.25937pt>
File: Immagini/ols.jpg Graphic file (type jpg)
<use Immagini/ols.jpg>
Package pdftex.def Info: Immagini/ols.jpg  used on input line 315.
(pdftex.def)             Requested size: 184.3758pt x 149.95055pt.
 [20

] [21


 <./Immagini/ols.jpg>] (./Presentazione.toc) [22

] [23

] [24

]
(./Presentazione.toc) [25

] [26

]
Overfull \hbox (16.30298pt too wide) in paragraph at lines 418--418
 [][] 
 []


Overfull \hbox (18.94348pt too wide) in paragraph at lines 418--418
 [][] 
 []


Overfull \hbox (18.94348pt too wide) in paragraph at lines 418--418
 [][] 
 []

[27

]
<Immagini/lms_template_nutech.png, id=930, 1028.34187pt x 578.16pt>
File: Immagini/lms_template_nutech.png Graphic file (type png)
<use Immagini/lms_template_nutech.png>
Package pdftex.def Info: Immagini/lms_template_nutech.png  used on input line 4
37.
(pdftex.def)             Requested size: 138.2795pt x 77.73946pt.
<Immagini/fd_template_nutech.png, id=931, 1028.34187pt x 578.16pt>
File: Immagini/fd_template_nutech.png Graphic file (type png)
<use Immagini/fd_template_nutech.png>
Package pdftex.def Info: Immagini/fd_template_nutech.png  used on input line 43
7.
(pdftex.def)             Requested size: 138.2795pt x 77.73946pt.

Overfull \vbox (11.3502pt too high) detected at line 437
 []

[28

 <./Immagini/lms_template_nutech.png> <./Immagini/fd_template_nutech.png>]
Package epstopdf Info: Source file: <Immagini/left_channel_separation_FD.eps>
(epstopdf)                    date: 2021-08-13 16:06:39
(epstopdf)                    size: 163742 bytes
(epstopdf)             Output file: <Immagini/left_channel_separation_FD-eps-co
nverted-to.pdf>
(epstopdf)                    date: 2021-08-13 16:17:44
(epstopdf)                    size: 66660 bytes
(epstopdf)             Command: <repstopdf --outfile=Immagini/left_channel_sepa
ration_FD-eps-converted-to.pdf Immagini/left_channel_separation_FD.eps>
(epstopdf)             \includegraphics on input line 467.
Package epstopdf Info: Output file is already uptodate.
<Immagini/left_channel_separation_FD-eps-converted-to.pdf, id=965, 1028.84375pt
 x 519.9425pt>
File: Immagini/left_channel_separation_FD-eps-converted-to.pdf Graphic file (ty
pe pdf)
<use Immagini/left_channel_separation_FD-eps-converted-to.pdf>
Package pdftex.def Info: Immagini/left_channel_separation_FD-eps-converted-to.p
df  used on input line 467.
(pdftex.def)             Requested size: 138.2795pt x 69.87979pt.
Package epstopdf Info: Source file: <Immagini/right_channel_separation_FD.eps>
(epstopdf)                    date: 2021-08-13 16:06:18
(epstopdf)                    size: 164569 bytes
(epstopdf)             Output file: <Immagini/right_channel_separation_FD-eps-c
onverted-to.pdf>
(epstopdf)                    date: 2021-08-13 16:17:46
(epstopdf)                    size: 67313 bytes
(epstopdf)             Command: <repstopdf --outfile=Immagini/right_channel_sep
aration_FD-eps-converted-to.pdf Immagini/right_channel_separation_FD.eps>
(epstopdf)             \includegraphics on input line 467.
Package epstopdf Info: Output file is already uptodate.
<Immagini/right_channel_separation_FD-eps-converted-to.pdf, id=966, 1028.84375p
t x 519.9425pt>
File: Immagini/right_channel_separation_FD-eps-converted-to.pdf Graphic file (t
ype pdf)
<use Immagini/right_channel_separation_FD-eps-converted-to.pdf>
Package pdftex.def Info: Immagini/right_channel_separation_FD-eps-converted-to.
pdf  used on input line 467.
(pdftex.def)             Requested size: 138.2795pt x 69.87979pt.
Package epstopdf Info: Source file: <Immagini/left_channel_separation_LMS.eps>
(epstopdf)                    date: 2021-08-13 16:07:10
(epstopdf)                    size: 30595 bytes
(epstopdf)             Output file: <Immagini/left_channel_separation_LMS-eps-c
onverted-to.pdf>
(epstopdf)                    date: 2021-08-13 16:17:48
(epstopdf)                    size: 14673 bytes
(epstopdf)             Command: <repstopdf --outfile=Immagini/left_channel_sepa
ration_LMS-eps-converted-to.pdf Immagini/left_channel_separation_LMS.eps>
(epstopdf)             \includegraphics on input line 467.
Package epstopdf Info: Output file is already uptodate.
<Immagini/left_channel_separation_LMS-eps-converted-to.pdf, id=967, 1028.84375p
t x 519.9425pt>
File: Immagini/left_channel_separation_LMS-eps-converted-to.pdf Graphic file (t
ype pdf)
<use Immagini/left_channel_separation_LMS-eps-converted-to.pdf>
Package pdftex.def Info: Immagini/left_channel_separation_LMS-eps-converted-to.
pdf  used on input line 467.
(pdftex.def)             Requested size: 138.2795pt x 69.87979pt.
Package epstopdf Info: Source file: <Immagini/right_channel_separation_LMS.eps>

(epstopdf)                    date: 2021-08-13 16:06:53
(epstopdf)                    size: 30292 bytes
(epstopdf)             Output file: <Immagini/right_channel_separation_LMS-eps-
converted-to.pdf>
(epstopdf)                    date: 2021-08-13 16:17:51
(epstopdf)                    size: 14946 bytes
(epstopdf)             Command: <repstopdf --outfile=Immagini/right_channel_sep
aration_LMS-eps-converted-to.pdf Immagini/right_channel_separation_LMS.eps>
(epstopdf)             \includegraphics on input line 467.
Package epstopdf Info: Output file is already uptodate.
<Immagini/right_channel_separation_LMS-eps-converted-to.pdf, id=968, 1028.84375
pt x 519.9425pt>
File: Immagini/right_channel_separation_LMS-eps-converted-to.pdf Graphic file (
type pdf)
<use Immagini/right_channel_separation_LMS-eps-converted-to.pdf>
Package pdftex.def Info: Immagini/right_channel_separation_LMS-eps-converted-to
.pdf  used on input line 467.
(pdftex.def)             Requested size: 138.2795pt x 69.87979pt.

[29

 <./Immagini/left_channel_separation_FD-eps-converted-to.pdf> <./Immagini/right
_channel_separation_FD-eps-converted-to.pdf> <./Immagini/left_channel_separatio
n_LMS-eps-converted-to.pdf> <./Immagini/right_channel_separation_LMS-eps-conver
ted-to.pdf>]
Package epstopdf Info: Source file: <Immagini/mse_e1.eps>
(epstopdf)                    date: 2021-08-13 17:20:53
(epstopdf)                    size: 113341 bytes
(epstopdf)             Output file: <Immagini/mse_e1-eps-converted-to.pdf>
(epstopdf)                    date: 2021-08-13 17:22:29
(epstopdf)                    size: 25852 bytes
(epstopdf)             Command: <repstopdf --outfile=Immagini/mse_e1-eps-conver
ted-to.pdf Immagini/mse_e1.eps>
(epstopdf)             \includegraphics on input line 485.
Package epstopdf Info: Output file is already uptodate.
<Immagini/mse_e1-eps-converted-to.pdf, id=1041, 1028.84375pt x 519.9425pt>
File: Immagini/mse_e1-eps-converted-to.pdf Graphic file (type pdf)
<use Immagini/mse_e1-eps-converted-to.pdf>
Package pdftex.def Info: Immagini/mse_e1-eps-converted-to.pdf  used on input li
ne 485.
(pdftex.def)             Requested size: 138.2795pt x 69.87979pt.
Package epstopdf Info: Source file: <Immagini/mse_e2.eps>
(epstopdf)                    date: 2021-08-13 17:20:40
(epstopdf)                    size: 114551 bytes
(epstopdf)             Output file: <Immagini/mse_e2-eps-converted-to.pdf>
(epstopdf)                    date: 2021-08-13 17:22:31
(epstopdf)                    size: 26008 bytes
(epstopdf)             Command: <repstopdf --outfile=Immagini/mse_e2-eps-conver
ted-to.pdf Immagini/mse_e2.eps>
(epstopdf)             \includegraphics on input line 485.
Package epstopdf Info: Output file is already uptodate.
<Immagini/mse_e2-eps-converted-to.pdf, id=1042, 1028.84375pt x 519.9425pt>
File: Immagini/mse_e2-eps-converted-to.pdf Graphic file (type pdf)
<use Immagini/mse_e2-eps-converted-to.pdf>
Package pdftex.def Info: Immagini/mse_e2-eps-converted-to.pdf  used on input li
ne 485.
(pdftex.def)             Requested size: 138.2795pt x 69.87979pt.
 [30

 <./Immagini/mse_e1-eps-converted-to.pdf> <./Immagini/mse_e2-eps-converted-to.p
df>]
Package epstopdf Info: Source file: <Immagini/H11_FD_LMS.eps>
(epstopdf)                    date: 2021-09-09 12:04:32
(epstopdf)                    size: 99563 bytes
(epstopdf)             Output file: <Immagini/H11_FD_LMS-eps-converted-to.pdf>
(epstopdf)                    date: 2021-09-09 12:04:42
(epstopdf)                    size: 40275 bytes
(epstopdf)             Command: <repstopdf --outfile=Immagini/H11_FD_LMS-eps-co
nverted-to.pdf Immagini/H11_FD_LMS.eps>
(epstopdf)             \includegraphics on input line 516.
Package epstopdf Info: Output file is already uptodate.
<Immagini/H11_FD_LMS-eps-converted-to.pdf, id=1092, 1028.84375pt x 519.9425pt>
File: Immagini/H11_FD_LMS-eps-converted-to.pdf Graphic file (type pdf)
<use Immagini/H11_FD_LMS-eps-converted-to.pdf>
Package pdftex.def Info: Immagini/H11_FD_LMS-eps-converted-to.pdf  used on inpu
t line 516.
(pdftex.def)             Requested size: 138.2795pt x 69.87979pt.
Package epstopdf Info: Source file: <Immagini/H12_FD_LMS.eps>
(epstopdf)                    date: 2021-09-09 12:04:20
(epstopdf)                    size: 99295 bytes
(epstopdf)             Output file: <Immagini/H12_FD_LMS-eps-converted-to.pdf>
(epstopdf)                    date: 2021-09-09 12:04:44
(epstopdf)                    size: 40784 bytes
(epstopdf)             Command: <repstopdf --outfile=Immagini/H12_FD_LMS-eps-co
nverted-to.pdf Immagini/H12_FD_LMS.eps>
(epstopdf)             \includegraphics on input line 516.
Package epstopdf Info: Output file is already uptodate.
<Immagini/H12_FD_LMS-eps-converted-to.pdf, id=1093, 1028.84375pt x 519.9425pt>
File: Immagini/H12_FD_LMS-eps-converted-to.pdf Graphic file (type pdf)
<use Immagini/H12_FD_LMS-eps-converted-to.pdf>
Package pdftex.def Info: Immagini/H12_FD_LMS-eps-converted-to.pdf  used on inpu
t line 516.
(pdftex.def)             Requested size: 138.2795pt x 69.87979pt.
Package epstopdf Info: Source file: <Immagini/H21_FD_LMS.eps>
(epstopdf)                    date: 2021-09-09 12:04:09
(epstopdf)                    size: 99243 bytes
(epstopdf)             Output file: <Immagini/H21_FD_LMS-eps-converted-to.pdf>
(epstopdf)                    date: 2021-09-09 12:04:46
(epstopdf)                    size: 40624 bytes
(epstopdf)             Command: <repstopdf --outfile=Immagini/H21_FD_LMS-eps-co
nverted-to.pdf Immagini/H21_FD_LMS.eps>
(epstopdf)             \includegraphics on input line 516.
Package epstopdf Info: Output file is already uptodate.
<Immagini/H21_FD_LMS-eps-converted-to.pdf, id=1094, 1028.84375pt x 519.9425pt>
File: Immagini/H21_FD_LMS-eps-converted-to.pdf Graphic file (type pdf)
<use Immagini/H21_FD_LMS-eps-converted-to.pdf>
Package pdftex.def Info: Immagini/H21_FD_LMS-eps-converted-to.pdf  used on inpu
t line 516.
(pdftex.def)             Requested size: 138.2795pt x 69.87979pt.
Package epstopdf Info: Source file: <Immagini/H22_FD_LMS.eps>
(epstopdf)                    date: 2021-09-09 12:03:55
(epstopdf)                    size: 98545 bytes
(epstopdf)             Output file: <Immagini/H22_FD_LMS-eps-converted-to.pdf>
(epstopdf)                    date: 2021-09-09 12:04:48
(epstopdf)                    size: 40051 bytes
(epstopdf)             Command: <repstopdf --outfile=Immagini/H22_FD_LMS-eps-co
nverted-to.pdf Immagini/H22_FD_LMS.eps>
(epstopdf)             \includegraphics on input line 516.
Package epstopdf Info: Output file is already uptodate.
<Immagini/H22_FD_LMS-eps-converted-to.pdf, id=1095, 1028.84375pt x 519.9425pt>
File: Immagini/H22_FD_LMS-eps-converted-to.pdf Graphic file (type pdf)
<use Immagini/H22_FD_LMS-eps-converted-to.pdf>
Package pdftex.def Info: Immagini/H22_FD_LMS-eps-converted-to.pdf  used on inpu
t line 516.
(pdftex.def)             Requested size: 138.2795pt x 69.87979pt.
 [31

 <./Immagini/H11_FD_LMS-eps-converted-to.pdf> <./Immagini/H12_FD_LMS-eps-conver
ted-to.pdf> <./Immagini/H21_FD_LMS-eps-converted-to.pdf> <./Immagini/H22_FD_LMS
-eps-converted-to.pdf>]
Package epstopdf Info: Source file: <Immagini/x1_y1_FD.eps>
(epstopdf)                    date: 2021-09-09 09:29:48
(epstopdf)                    size: 94461 bytes
(epstopdf)             Output file: <Immagini/x1_y1_FD-eps-converted-to.pdf>
(epstopdf)                    date: 2021-09-09 09:33:22
(epstopdf)                    size: 39502 bytes
(epstopdf)             Command: <repstopdf --outfile=Immagini/x1_y1_FD-eps-conv
erted-to.pdf Immagini/x1_y1_FD.eps>
(epstopdf)             \includegraphics on input line 547.
Package epstopdf Info: Output file is already uptodate.
<Immagini/x1_y1_FD-eps-converted-to.pdf, id=1167, 1028.84375pt x 519.9425pt>
File: Immagini/x1_y1_FD-eps-converted-to.pdf Graphic file (type pdf)
<use Immagini/x1_y1_FD-eps-converted-to.pdf>
Package pdftex.def Info: Immagini/x1_y1_FD-eps-converted-to.pdf  used on input 
line 547.
(pdftex.def)             Requested size: 138.2795pt x 69.87979pt.
Package epstopdf Info: Source file: <Immagini/x2_y2_FD.eps>
(epstopdf)                    date: 2021-09-09 09:28:10
(epstopdf)                    size: 101474 bytes
(epstopdf)             Output file: <Immagini/x2_y2_FD-eps-converted-to.pdf>
(epstopdf)                    date: 2021-09-09 09:33:24
(epstopdf)                    size: 41431 bytes
(epstopdf)             Command: <repstopdf --outfile=Immagini/x2_y2_FD-eps-conv
erted-to.pdf Immagini/x2_y2_FD.eps>
(epstopdf)             \includegraphics on input line 547.
Package epstopdf Info: Output file is already uptodate.
<Immagini/x2_y2_FD-eps-converted-to.pdf, id=1168, 1028.84375pt x 519.9425pt>
File: Immagini/x2_y2_FD-eps-converted-to.pdf Graphic file (type pdf)
<use Immagini/x2_y2_FD-eps-converted-to.pdf>
Package pdftex.def Info: Immagini/x2_y2_FD-eps-converted-to.pdf  used on input 
line 547.
(pdftex.def)             Requested size: 138.2795pt x 69.87979pt.
Package epstopdf Info: Source file: <Immagini/d1_y1_LMS.eps>
(epstopdf)                    date: 2021-09-09 09:38:59
(epstopdf)                    size: 96163 bytes
(epstopdf)             Output file: <Immagini/d1_y1_LMS-eps-converted-to.pdf>
(epstopdf)                    date: 2021-09-09 09:45:26
(epstopdf)                    size: 39016 bytes
(epstopdf)             Command: <repstopdf --outfile=Immagini/d1_y1_LMS-eps-con
verted-to.pdf Immagini/d1_y1_LMS.eps>
(epstopdf)             \includegraphics on input line 547.
Package epstopdf Info: Output file is already uptodate.
<Immagini/d1_y1_LMS-eps-converted-to.pdf, id=1169, 1028.84375pt x 519.9425pt>
File: Immagini/d1_y1_LMS-eps-converted-to.pdf Graphic file (type pdf)
<use Immagini/d1_y1_LMS-eps-converted-to.pdf>
Package pdftex.def Info: Immagini/d1_y1_LMS-eps-converted-to.pdf  used on input
 line 547.
(pdftex.def)             Requested size: 138.2795pt x 69.87979pt.
Package epstopdf Info: Source file: <Immagini/d2_y2_LMS.eps>
(epstopdf)                    date: 2021-09-09 09:40:21
(epstopdf)                    size: 99304 bytes
(epstopdf)             Output file: <Immagini/d2_y2_LMS-eps-converted-to.pdf>
(epstopdf)                    date: 2021-09-09 09:45:28
(epstopdf)                    size: 41771 bytes
(epstopdf)             Command: <repstopdf --outfile=Immagini/d2_y2_LMS-eps-con
verted-to.pdf Immagini/d2_y2_LMS.eps>
(epstopdf)             \includegraphics on input line 547.
Package epstopdf Info: Output file is already uptodate.
<Immagini/d2_y2_LMS-eps-converted-to.pdf, id=1170, 1028.84375pt x 519.9425pt>
File: Immagini/d2_y2_LMS-eps-converted-to.pdf Graphic file (type pdf)
<use Immagini/d2_y2_LMS-eps-converted-to.pdf>
Package pdftex.def Info: Immagini/d2_y2_LMS-eps-converted-to.pdf  used on input
 line 547.
(pdftex.def)             Requested size: 138.2795pt x 69.87979pt.
 [32

 <./Immagini/x1_y1_FD-eps-converted-to.pdf> <./Immagini/x2_y2_FD-eps-converted-
to.pdf> <./Immagini/d1_y1_LMS-eps-converted-to.pdf> <./Immagini/d2_y2_LMS-eps-c
onverted-to.pdf>]
<Immagini/x1_y1_FD_nutech.png, id=1240, 1014.03844pt x 459.96844pt>
File: Immagini/x1_y1_FD_nutech.png Graphic file (type png)
<use Immagini/x1_y1_FD_nutech.png>
Package pdftex.def Info: Immagini/x1_y1_FD_nutech.png  used on input line 578.
(pdftex.def)             Requested size: 138.2795pt x 62.7177pt.
<Immagini/x2_y2_FD_nutech.png, id=1241, 1020.81375pt x 462.22687pt>
File: Immagini/x2_y2_FD_nutech.png Graphic file (type png)
<use Immagini/x2_y2_FD_nutech.png>
Package pdftex.def Info: Immagini/x2_y2_FD_nutech.png  used on input line 578.
(pdftex.def)             Requested size: 138.2795pt x 62.60951pt.
<Immagini/d1_y1_LMS_nutech.png, id=1242, 1024.57782pt x 463.7325pt>
File: Immagini/d1_y1_LMS_nutech.png Graphic file (type png)
<use Immagini/d1_y1_LMS_nutech.png>
Package pdftex.def Info: Immagini/d1_y1_LMS_nutech.png  used on input line 578.

(pdftex.def)             Requested size: 138.2795pt x 62.58702pt.
<Immagini/d2_y2_LMS_nutech.png, id=1243, 1017.8025pt x 461.47406pt>
File: Immagini/d2_y2_LMS_nutech.png Graphic file (type png)
<use Immagini/d2_y2_LMS_nutech.png>
Package pdftex.def Info: Immagini/d2_y2_LMS_nutech.png  used on input line 578.

(pdftex.def)             Requested size: 138.2795pt x 62.69063pt.

Overfull \vbox (11.99028pt too high) detected at line 578
 []

[33

 <./Immagini/x1_y1_FD_nutech.png> <./Immagini/x2_y2_FD_nutech.png> <./Immagini/
d1_y1_LMS_nutech.png> <./Immagini/d2_y2_LMS_nutech.png>]
Package epstopdf Info: Source file: <Immagini/mse_e1_matlab_nutech.eps>
(epstopdf)                    date: 2021-09-09 11:02:18
(epstopdf)                    size: 95554 bytes
(epstopdf)             Output file: <Immagini/mse_e1_matlab_nutech-eps-converte
d-to.pdf>
(epstopdf)                    date: 2021-09-09 11:04:48
(epstopdf)                    size: 24340 bytes
(epstopdf)             Command: <repstopdf --outfile=Immagini/mse_e1_matlab_nut
ech-eps-converted-to.pdf Immagini/mse_e1_matlab_nutech.eps>
(epstopdf)             \includegraphics on input line 597.
Package epstopdf Info: Output file is already uptodate.
<Immagini/mse_e1_matlab_nutech-eps-converted-to.pdf, id=1285, 1028.84375pt x 51
9.9425pt>
File: Immagini/mse_e1_matlab_nutech-eps-converted-to.pdf Graphic file (type pdf
)
<use Immagini/mse_e1_matlab_nutech-eps-converted-to.pdf>
Package pdftex.def Info: Immagini/mse_e1_matlab_nutech-eps-converted-to.pdf  us
ed on input line 597.
(pdftex.def)             Requested size: 138.2795pt x 69.87979pt.
Package epstopdf Info: Source file: <Immagini/mse_e2_matlab_nutech.eps>
(epstopdf)                    date: 2021-09-09 11:02:53
(epstopdf)                    size: 96722 bytes
(epstopdf)             Output file: <Immagini/mse_e2_matlab_nutech-eps-converte
d-to.pdf>
(epstopdf)                    date: 2021-09-09 11:04:51
(epstopdf)                    size: 24585 bytes
(epstopdf)             Command: <repstopdf --outfile=Immagini/mse_e2_matlab_nut
ech-eps-converted-to.pdf Immagini/mse_e2_matlab_nutech.eps>
(epstopdf)             \includegraphics on input line 597.
Package epstopdf Info: Output file is already uptodate.
<Immagini/mse_e2_matlab_nutech-eps-converted-to.pdf, id=1286, 1028.84375pt x 51
9.9425pt>
File: Immagini/mse_e2_matlab_nutech-eps-converted-to.pdf Graphic file (type pdf
)
<use Immagini/mse_e2_matlab_nutech-eps-converted-to.pdf>
Package pdftex.def Info: Immagini/mse_e2_matlab_nutech-eps-converted-to.pdf  us
ed on input line 597.
(pdftex.def)             Requested size: 138.2795pt x 69.87979pt.
 [34

 <./Immagini/mse_e1_matlab_nutech-eps-converted-to.pdf> <./Immagini/mse_e2_matl
ab_nutech-eps-converted-to.pdf>]
Package epstopdf Info: Source file: <Immagini/H11_LMS_matlab_nutech.eps>
(epstopdf)                    date: 2021-09-09 12:59:50
(epstopdf)                    size: 30644 bytes
(epstopdf)             Output file: <Immagini/H11_LMS_matlab_nutech-eps-convert
ed-to.pdf>
(epstopdf)                    date: 2021-09-09 13:01:26
(epstopdf)                    size: 13257 bytes
(epstopdf)             Command: <repstopdf --outfile=Immagini/H11_LMS_matlab_nu
tech-eps-converted-to.pdf Immagini/H11_LMS_matlab_nutech.eps>
(epstopdf)             \includegraphics on input line 628.
Package epstopdf Info: Output file is already uptodate.
<Immagini/H11_LMS_matlab_nutech-eps-converted-to.pdf, id=1337, 1028.84375pt x 5
19.9425pt>
File: Immagini/H11_LMS_matlab_nutech-eps-converted-to.pdf Graphic file (type pd
f)
<use Immagini/H11_LMS_matlab_nutech-eps-converted-to.pdf>
Package pdftex.def Info: Immagini/H11_LMS_matlab_nutech-eps-converted-to.pdf  u
sed on input line 628.
(pdftex.def)             Requested size: 138.2795pt x 69.87979pt.
Package epstopdf Info: Source file: <Immagini/H12_LMS_matlab_nutech.eps>
(epstopdf)                    date: 2021-09-09 12:59:38
(epstopdf)                    size: 29629 bytes
(epstopdf)             Output file: <Immagini/H12_LMS_matlab_nutech-eps-convert
ed-to.pdf>
(epstopdf)                    date: 2021-09-09 13:01:28
(epstopdf)                    size: 13328 bytes
(epstopdf)             Command: <repstopdf --outfile=Immagini/H12_LMS_matlab_nu
tech-eps-converted-to.pdf Immagini/H12_LMS_matlab_nutech.eps>
(epstopdf)             \includegraphics on input line 628.
Package epstopdf Info: Output file is already uptodate.
<Immagini/H12_LMS_matlab_nutech-eps-converted-to.pdf, id=1338, 1028.84375pt x 5
19.9425pt>
File: Immagini/H12_LMS_matlab_nutech-eps-converted-to.pdf Graphic file (type pd
f)
<use Immagini/H12_LMS_matlab_nutech-eps-converted-to.pdf>
Package pdftex.def Info: Immagini/H12_LMS_matlab_nutech-eps-converted-to.pdf  u
sed on input line 628.
(pdftex.def)             Requested size: 138.2795pt x 69.87979pt.
Package epstopdf Info: Source file: <Immagini/H21_LMS_matlab_nutech.eps>
(epstopdf)                    date: 2021-09-09 12:59:25
(epstopdf)                    size: 29629 bytes
(epstopdf)             Output file: <Immagini/H21_LMS_matlab_nutech-eps-convert
ed-to.pdf>
(epstopdf)                    date: 2021-09-09 13:01:30
(epstopdf)                    size: 13324 bytes
(epstopdf)             Command: <repstopdf --outfile=Immagini/H21_LMS_matlab_nu
tech-eps-converted-to.pdf Immagini/H21_LMS_matlab_nutech.eps>
(epstopdf)             \includegraphics on input line 628.
Package epstopdf Info: Output file is already uptodate.
<Immagini/H21_LMS_matlab_nutech-eps-converted-to.pdf, id=1339, 1028.84375pt x 5
19.9425pt>
File: Immagini/H21_LMS_matlab_nutech-eps-converted-to.pdf Graphic file (type pd
f)
<use Immagini/H21_LMS_matlab_nutech-eps-converted-to.pdf>
Package pdftex.def Info: Immagini/H21_LMS_matlab_nutech-eps-converted-to.pdf  u
sed on input line 628.
(pdftex.def)             Requested size: 138.2795pt x 69.87979pt.
Package epstopdf Info: Source file: <Immagini/H22_LMS_matlab_nutech.eps>
(epstopdf)                    date: 2021-09-09 12:59:08
(epstopdf)                    size: 30372 bytes
(epstopdf)             Output file: <Immagini/H22_LMS_matlab_nutech-eps-convert
ed-to.pdf>
(epstopdf)                    date: 2021-09-09 13:01:32
(epstopdf)                    size: 13336 bytes
(epstopdf)             Command: <repstopdf --outfile=Immagini/H22_LMS_matlab_nu
tech-eps-converted-to.pdf Immagini/H22_LMS_matlab_nutech.eps>
(epstopdf)             \includegraphics on input line 628.
Package epstopdf Info: Output file is already uptodate.
<Immagini/H22_LMS_matlab_nutech-eps-converted-to.pdf, id=1340, 1028.84375pt x 5
19.9425pt>
File: Immagini/H22_LMS_matlab_nutech-eps-converted-to.pdf Graphic file (type pd
f)
<use Immagini/H22_LMS_matlab_nutech-eps-converted-to.pdf>
Package pdftex.def Info: Immagini/H22_LMS_matlab_nutech-eps-converted-to.pdf  u
sed on input line 628.
(pdftex.def)             Requested size: 138.2795pt x 69.87979pt.
 [35

 <./Immagini/H11_LMS_matlab_nutech-eps-converted-to.pdf> <./Immagini/H12_LMS_ma
tlab_nutech-eps-converted-to.pdf> <./Immagini/H21_LMS_matlab_nutech-eps-convert
ed-to.pdf> <./Immagini/H22_LMS_matlab_nutech-eps-converted-to.pdf>]
Package epstopdf Info: Source file: <Immagini/H11_FD_matlab_nutech.eps>
(epstopdf)                    date: 2021-09-09 12:58:51
(epstopdf)                    size: 165891 bytes
(epstopdf)             Output file: <Immagini/H11_FD_matlab_nutech-eps-converte
d-to.pdf>
(epstopdf)                    date: 2021-09-09 13:01:34
(epstopdf)                    size: 68487 bytes
(epstopdf)             Command: <repstopdf --outfile=Immagini/H11_FD_matlab_nut
ech-eps-converted-to.pdf Immagini/H11_FD_matlab_nutech.eps>
(epstopdf)             \includegraphics on input line 659.
Package epstopdf Info: Output file is already uptodate.
<Immagini/H11_FD_matlab_nutech-eps-converted-to.pdf, id=1410, 1028.84375pt x 51
9.9425pt>
File: Immagini/H11_FD_matlab_nutech-eps-converted-to.pdf Graphic file (type pdf
)
<use Immagini/H11_FD_matlab_nutech-eps-converted-to.pdf>
Package pdftex.def Info: Immagini/H11_FD_matlab_nutech-eps-converted-to.pdf  us
ed on input line 659.
(pdftex.def)             Requested size: 138.2795pt x 69.87979pt.
Package epstopdf Info: Source file: <Immagini/H12_FD_matlab_nutech.eps>
(epstopdf)                    date: 2021-09-09 12:58:38
(epstopdf)                    size: 166717 bytes
(epstopdf)             Output file: <Immagini/H12_FD_matlab_nutech-eps-converte
d-to.pdf>
(epstopdf)                    date: 2021-09-09 13:01:36
(epstopdf)                    size: 69348 bytes
(epstopdf)             Command: <repstopdf --outfile=Immagini/H12_FD_matlab_nut
ech-eps-converted-to.pdf Immagini/H12_FD_matlab_nutech.eps>
(epstopdf)             \includegraphics on input line 659.
Package epstopdf Info: Output file is already uptodate.
<Immagini/H12_FD_matlab_nutech-eps-converted-to.pdf, id=1411, 1028.84375pt x 51
9.9425pt>
File: Immagini/H12_FD_matlab_nutech-eps-converted-to.pdf Graphic file (type pdf
)
<use Immagini/H12_FD_matlab_nutech-eps-converted-to.pdf>
Package pdftex.def Info: Immagini/H12_FD_matlab_nutech-eps-converted-to.pdf  us
ed on input line 659.
(pdftex.def)             Requested size: 138.2795pt x 69.87979pt.
Package epstopdf Info: Source file: <Immagini/H21_FD_matlab_nutech.eps>
(epstopdf)                    date: 2021-09-09 12:58:24
(epstopdf)                    size: 167065 bytes
(epstopdf)             Output file: <Immagini/H21_FD_matlab_nutech-eps-converte
d-to.pdf>
(epstopdf)                    date: 2021-09-09 13:01:38
(epstopdf)                    size: 69294 bytes
(epstopdf)             Command: <repstopdf --outfile=Immagini/H21_FD_matlab_nut
ech-eps-converted-to.pdf Immagini/H21_FD_matlab_nutech.eps>
(epstopdf)             \includegraphics on input line 659.
Package epstopdf Info: Output file is already uptodate.
<Immagini/H21_FD_matlab_nutech-eps-converted-to.pdf, id=1412, 1028.84375pt x 51
9.9425pt>
File: Immagini/H21_FD_matlab_nutech-eps-converted-to.pdf Graphic file (type pdf
)
<use Immagini/H21_FD_matlab_nutech-eps-converted-to.pdf>
Package pdftex.def Info: Immagini/H21_FD_matlab_nutech-eps-converted-to.pdf  us
ed on input line 659.
(pdftex.def)             Requested size: 138.2795pt x 69.87979pt.
Package epstopdf Info: Source file: <Immagini/H22_FD_matlab_nutech.eps>
(epstopdf)                    date: 2021-09-09 12:58:06
(epstopdf)                    size: 166460 bytes
(epstopdf)             Output file: <Immagini/H22_FD_matlab_nutech-eps-converte
d-to.pdf>
(epstopdf)                    date: 2021-09-09 13:01:40
(epstopdf)                    size: 68282 bytes
(epstopdf)             Command: <repstopdf --outfile=Immagini/H22_FD_matlab_nut
ech-eps-converted-to.pdf Immagini/H22_FD_matlab_nutech.eps>
(epstopdf)             \includegraphics on input line 659.
Package epstopdf Info: Output file is already uptodate.
<Immagini/H22_FD_matlab_nutech-eps-converted-to.pdf, id=1413, 1028.84375pt x 51
9.9425pt>
File: Immagini/H22_FD_matlab_nutech-eps-converted-to.pdf Graphic file (type pdf
)
<use Immagini/H22_FD_matlab_nutech-eps-converted-to.pdf>
Package pdftex.def Info: Immagini/H22_FD_matlab_nutech-eps-converted-to.pdf  us
ed on input line 659.
(pdftex.def)             Requested size: 138.2795pt x 69.87979pt.

Overfull \vbox (7.63087pt too high) detected at line 659
 []

[36

 <./Immagini/H11_FD_matlab_nutech-eps-converted-to.pdf> <./Immagini/H12_FD_matl
ab_nutech-eps-converted-to.pdf> <./Immagini/H21_FD_matlab_nutech-eps-converted-
to.pdf> <./Immagini/H22_FD_matlab_nutech-eps-converted-to.pdf>]
LaTeX Font Info:    Try loading font information for OMS+cmss on input line 665
.
LaTeX Font Info:    No file OMScmss.fd. on input line 665.


LaTeX Font Warning: Font shape `OMS/cmss/m/n' undefined
(Font)              using `OMS/cmsy/m/n' instead on input line 665.


LaTeX Font Warning: Font shape `OMS/cmss/m/it' undefined
(Font)              using `OMS/cmss/m/n' instead on input line 665.

[37

 <c:/Program Files/texlive/2019/texmf-dist/tex/latex/beamer/beamericonarticle.p
df>] [38


] [39


] [40


]
\tf@nav=\write7
\openout7 = `Presentazione.nav'.

\tf@toc=\write8
\openout8 = `Presentazione.toc'.

\tf@snm=\write9
\openout9 = `Presentazione.snm'.

Package atveryend Info: Empty hook `BeforeClearDocument' on input line 667.
Package atveryend Info: Empty hook `AfterLastShipout' on input line 667.
 (./Presentazione.aux)
Package atveryend Info: Executing hook `AtVeryEndDocument' on input line 667.
Package atveryend Info: Executing hook `AtEndAfterFileList' on input line 667.
Package rerunfilecheck Info: File `Presentazione.out' has not changed.
(rerunfilecheck)             Checksum: 3A4613009C9D67FC0327CD1F8C2AD9D1;379.


LaTeX Font Warning: Some font shapes were not available, defaults substituted.

Package logreq Info: Writing requests to 'Presentazione.run.xml'.
\openout1 = `Presentazione.run.xml'.

 ) 
Here is how much of TeX's memory you used:
 40873 strings out of 492623
 802448 string characters out of 6126681
 1218960 words of memory out of 5000000
 43923 multiletter control sequences out of 15000+600000
 560377 words of font info for 92 fonts, out of 8000000 for 9000
 1141 hyphenation exceptions out of 8191
 65i,17n,100p,934b,1618s stack positions out of 5000i,500n,10000p,200000b,80000s
{c:/Program Files/texlive/2019/texmf-dist/fonts/enc/dvips/cm-super/cm-super-t
1.enc}<c:/Program Files/texlive/2019/texmf-dist/fonts/type1/public/amsfonts/cm/
cmex10.pfb><c:/Program Files/texlive/2019/texmf-dist/fonts/type1/public/amsfont
s/cm/cmmi10.pfb><c:/Program Files/texlive/2019/texmf-dist/fonts/type1/public/am
sfonts/cm/cmmi8.pfb><c:/Program Files/texlive/2019/texmf-dist/fonts/type1/publi
c/amsfonts/cm/cmmi9.pfb><c:/Program Files/texlive/2019/texmf-dist/fonts/type1/p
ublic/amsfonts/cm/cmss10.pfb><c:/Program Files/texlive/2019/texmf-dist/fonts/ty
pe1/public/amsfonts/cm/cmss8.pfb><c:/Program Files/texlive/2019/texmf-dist/font
s/type1/public/amsfonts/cm/cmss9.pfb><c:/Program Files/texlive/2019/texmf-dist/
fonts/type1/public/amsfonts/cm/cmssi10.pfb><c:/Program Files/texlive/2019/texmf
-dist/fonts/type1/public/amsfonts/cm/cmssi8.pfb><c:/Program Files/texlive/2019/
texmf-dist/fonts/type1/public/amsfonts/cm/cmssi9.pfb><c:/Program Files/texlive/
2019/texmf-dist/fonts/type1/public/amsfonts/cm/cmsy10.pfb><c:/Program Files/tex
live/2019/texmf-dist/fonts/type1/public/amsfonts/cm/cmsy6.pfb><c:/Program Files
/texlive/2019/texmf-dist/fonts/type1/public/amsfonts/cm/cmsy7.pfb><c:/Program F
iles/texlive/2019/texmf-dist/fonts/type1/public/amsfonts/cm/cmsy8.pfb><c:/Progr
am Files/texlive/2019/texmf-dist/fonts/type1/public/amsfonts/symbols/msam10.pfb
><c:/Program Files/texlive/2019/texmf-dist/fonts/type1/public/cm-super/sfsi0900
.pfb><c:/Program Files/texlive/2019/texmf-dist/fonts/type1/public/cm-super/sfss
0500.pfb><c:/Program Files/texlive/2019/texmf-dist/fonts/type1/public/cm-super/
sfss0600.pfb><c:/Program Files/texlive/2019/texmf-dist/fonts/type1/public/cm-su
per/sfss0700.pfb><c:/Program Files/texlive/2019/texmf-dist/fonts/type1/public/c
m-super/sfss0800.pfb><c:/Program Files/texlive/2019/texmf-dist/fonts/type1/publ
ic/cm-super/sfss0900.pfb><c:/Program Files/texlive/2019/texmf-dist/fonts/type1/
public/cm-super/sfss1000.pfb><c:/Program Files/texlive/2019/texmf-dist/fonts/ty
pe1/public/cm-super/sfss1095.pfb><c:/Program Files/texlive/2019/texmf-dist/font
s/type1/public/cm-super/sfss1440.pfb><c:/Program Files/texlive/2019/texmf-dist/
fonts/type1/public/cm-super/sfsx0800.pfb><c:/Program Files/texlive/2019/texmf-d
ist/fonts/type1/public/cm-super/sfsx1095.pfb><c:/Program Files/texlive/2019/tex
mf-dist/fonts/type1/public/cm-super/sftt0900.pfb>
Output written on Presentazione.pdf (40 pages, 2077043 bytes).
PDF statistics:
 1760 PDF objects out of 2073 (max. 8388607)
 1540 compressed objects within 16 object streams
 196 named destinations out of 1000 (max. 500000)
 277 words of extra memory for PDF output out of 10000 (max. 10000000)

