d:\onedrive - università politecnica delle marche\università\magistrale\secondo anno\multirate digital signal processing and adaptive filter banks\progetto\template_lms\template\debug\template.pch
d:\onedrive - università politecnica delle marche\università\magistrale\secondo anno\multirate digital signal processing and adaptive filter banks\progetto\template_lms\template\debug\vc142.pdb
d:\onedrive - università politecnica delle marche\università\magistrale\secondo anno\multirate digital signal processing and adaptive filter banks\progetto\template_lms\template\debug\vc142.idb
d:\onedrive - università politecnica delle marche\università\magistrale\secondo anno\multirate digital signal processing and adaptive filter banks\progetto\template_lms\template\debug\stdafx.obj
d:\onedrive - università politecnica delle marche\università\magistrale\secondo anno\multirate digital signal processing and adaptive filter banks\progetto\template_lms\template\debug\mylib.obj
d:\onedrive - università politecnica delle marche\università\magistrale\secondo anno\multirate digital signal processing and adaptive filter banks\progetto\template_lms\template\debug\plugin.obj
d:\onedrive - università politecnica delle marche\università\magistrale\secondo anno\multirate digital signal processing and adaptive filter banks\progetto\template_lms\template\debug\template.obj
c:\program files (x86)\leaff\nu-tech\plugin\debug\template.dll
d:\onedrive - università politecnica delle marche\università\magistrale\secondo anno\multirate digital signal processing and adaptive filter banks\progetto\template_lms\template\debug\template.ilk
d:\onedrive - università politecnica delle marche\università\magistrale\secondo anno\multirate digital signal processing and adaptive filter banks\progetto\template_lms\debug\template.pdb
d:\onedrive - università politecnica delle marche\università\magistrale\secondo anno\multirate digital signal processing and adaptive filter banks\progetto\template\debug\template.lib
d:\onedrive - università politecnica delle marche\università\magistrale\secondo anno\multirate digital signal processing and adaptive filter banks\progetto\template\debug\template.exp
d:\onedrive - università politecnica delle marche\università\magistrale\secondo anno\multirate digital signal processing and adaptive filter banks\progetto\template_lms\debug\template.lib
d:\onedrive - università politecnica delle marche\università\magistrale\secondo anno\multirate digital signal processing and adaptive filter banks\progetto\template_lms\debug\template.exp
d:\onedrive - università politecnica delle marche\università\magistrale\secondo anno\multirate digital signal processing and adaptive filter banks\progetto\template_lms\template\debug\vc141.idb
d:\onedrive - università politecnica delle marche\università\magistrale\secondo anno\multirate digital signal processing and adaptive filter banks\progetto\template_lms\template\debug\vc141.pdb
d:\onedrive - università politecnica delle marche\università\magistrale\secondo anno\multirate digital signal processing and adaptive filter banks\progetto\template_lms\template\debug\template.tlog\cl.command.1.tlog
d:\onedrive - università politecnica delle marche\università\magistrale\secondo anno\multirate digital signal processing and adaptive filter banks\progetto\template_lms\template\debug\template.tlog\cl.read.1.tlog
d:\onedrive - università politecnica delle marche\università\magistrale\secondo anno\multirate digital signal processing and adaptive filter banks\progetto\template_lms\template\debug\template.tlog\cl.write.1.tlog
d:\onedrive - università politecnica delle marche\università\magistrale\secondo anno\multirate digital signal processing and adaptive filter banks\progetto\template_lms\template\debug\template.tlog\link.command.1.tlog
d:\onedrive - università politecnica delle marche\università\magistrale\secondo anno\multirate digital signal processing and adaptive filter banks\progetto\template_lms\template\debug\template.tlog\link.read.1.tlog
d:\onedrive - università politecnica delle marche\università\magistrale\secondo anno\multirate digital signal processing and adaptive filter banks\progetto\template_lms\template\debug\template.tlog\link.write.1.tlog
d:\onedrive - università politecnica delle marche\università\magistrale\secondo anno\multirate digital signal processing and adaptive filter banks\progetto\template_lms\template\debug\template.tlog\template.write.1u.tlog
